[2025-02-19T20:52:03.293+0530] {local_task_job_runner.py:120} INFO - ::group::Pre task execution logs
[2025-02-19T20:52:03.327+0530] {taskinstance.py:2076} INFO - Dependencies all met for dep_context=non-requeueable deps ti=<TaskInstance: run_spark_job_bash.run_spark_job scheduled__2025-02-19T15:15:00+00:00 [queued]>
[2025-02-19T20:52:03.337+0530] {taskinstance.py:2076} INFO - Dependencies all met for dep_context=requeueable deps ti=<TaskInstance: run_spark_job_bash.run_spark_job scheduled__2025-02-19T15:15:00+00:00 [queued]>
[2025-02-19T20:52:03.337+0530] {taskinstance.py:2306} INFO - Starting attempt 1 of 2
[2025-02-19T20:52:03.351+0530] {taskinstance.py:2330} INFO - Executing <Task(BashOperator): run_spark_job> on 2025-02-19 15:15:00+00:00
[2025-02-19T20:52:03.354+0530] {standard_task_runner.py:63} INFO - Started process 11506 to run task
[2025-02-19T20:52:03.359+0530] {standard_task_runner.py:90} INFO - Running: ['airflow', 'tasks', 'run', 'run_spark_job_bash', 'run_spark_job', 'scheduled__2025-02-19T15:15:00+00:00', '--job-id', '64', '--raw', '--subdir', 'DAGS_FOLDER/testdag.py', '--cfg-path', '/tmp/tmp32sw38o5']
[2025-02-19T20:52:03.360+0530] {standard_task_runner.py:91} INFO - Job 64: Subtask run_spark_job
[2025-02-19T20:52:03.479+0530] {task_command.py:426} INFO - Running <TaskInstance: run_spark_job_bash.run_spark_job scheduled__2025-02-19T15:15:00+00:00 [running]> on host Nitesh.
[2025-02-19T20:52:03.619+0530] {taskinstance.py:2648} INFO - Exporting env vars: AIRFLOW_CTX_DAG_OWNER='airflow' AIRFLOW_CTX_DAG_ID='run_spark_job_bash' AIRFLOW_CTX_TASK_ID='run_spark_job' AIRFLOW_CTX_EXECUTION_DATE='2025-02-19T15:15:00+00:00' AIRFLOW_CTX_TRY_NUMBER='1' AIRFLOW_CTX_DAG_RUN_ID='scheduled__2025-02-19T15:15:00+00:00'
[2025-02-19T20:52:03.621+0530] {taskinstance.py:430} INFO - ::endgroup::
[2025-02-19T20:52:03.622+0530] {subprocess.py:63} INFO - Tmp dir root location: /tmp
[2025-02-19T20:52:03.622+0530] {subprocess.py:75} INFO - Running command: ['/usr/bin/bash', '-c', 'spark-submit --jars /mnt/c/spark/spark-3.5.2-bin-hadoop3/jars/postgresql-42.7.5.jar /home/nitesh/project_1/youtube_project/spark_jobs/testjob.py']
[2025-02-19T20:52:03.628+0530] {subprocess.py:86} INFO - Output:
[2025-02-19T20:52:05.723+0530] {subprocess.py:93} INFO - 25/02/19 20:52:05 WARN Utils: Your hostname, Nitesh resolves to a loopback address: 127.0.1.1; using 10.255.255.254 instead (on interface lo)
[2025-02-19T20:52:05.727+0530] {subprocess.py:93} INFO - 25/02/19 20:52:05 WARN Utils: Set SPARK_LOCAL_IP if you need to bind to another address
[2025-02-19T20:52:06.223+0530] {subprocess.py:93} INFO - 25/02/19 20:52:06 WARN NativeCodeLoader: Unable to load native-hadoop library for your platform... using builtin-java classes where applicable
[2025-02-19T20:52:07.896+0530] {subprocess.py:93} INFO - 25/02/19 20:52:07 INFO SparkContext: Running Spark version 3.5.4
[2025-02-19T20:52:07.897+0530] {subprocess.py:93} INFO - 25/02/19 20:52:07 INFO SparkContext: OS info Linux, 5.15.167.4-microsoft-standard-WSL2, amd64
[2025-02-19T20:52:07.897+0530] {subprocess.py:93} INFO - 25/02/19 20:52:07 INFO SparkContext: Java version 11.0.26
[2025-02-19T20:52:07.928+0530] {subprocess.py:93} INFO - 25/02/19 20:52:07 INFO ResourceUtils: ==============================================================
[2025-02-19T20:52:07.929+0530] {subprocess.py:93} INFO - 25/02/19 20:52:07 INFO ResourceUtils: No custom resources configured for spark.driver.
[2025-02-19T20:52:07.929+0530] {subprocess.py:93} INFO - 25/02/19 20:52:07 INFO ResourceUtils: ==============================================================
[2025-02-19T20:52:07.929+0530] {subprocess.py:93} INFO - 25/02/19 20:52:07 INFO SparkContext: Submitted application: Django-PySpark-Connection
[2025-02-19T20:52:07.953+0530] {subprocess.py:93} INFO - 25/02/19 20:52:07 INFO ResourceProfile: Default ResourceProfile created, executor resources: Map(cores -> name: cores, amount: 1, script: , vendor: , memory -> name: memory, amount: 1024, script: , vendor: , offHeap -> name: offHeap, amount: 0, script: , vendor: ), task resources: Map(cpus -> name: cpus, amount: 1.0)
[2025-02-19T20:52:07.967+0530] {subprocess.py:93} INFO - 25/02/19 20:52:07 INFO ResourceProfile: Limiting resource is cpu
[2025-02-19T20:52:07.968+0530] {subprocess.py:93} INFO - 25/02/19 20:52:07 INFO ResourceProfileManager: Added ResourceProfile id: 0
[2025-02-19T20:52:08.063+0530] {subprocess.py:93} INFO - 25/02/19 20:52:08 INFO SecurityManager: Changing view acls to: nitesh
[2025-02-19T20:52:08.064+0530] {subprocess.py:93} INFO - 25/02/19 20:52:08 INFO SecurityManager: Changing modify acls to: nitesh
[2025-02-19T20:52:08.064+0530] {subprocess.py:93} INFO - 25/02/19 20:52:08 INFO SecurityManager: Changing view acls groups to:
[2025-02-19T20:52:08.065+0530] {subprocess.py:93} INFO - 25/02/19 20:52:08 INFO SecurityManager: Changing modify acls groups to:
[2025-02-19T20:52:08.066+0530] {subprocess.py:93} INFO - 25/02/19 20:52:08 INFO SecurityManager: SecurityManager: authentication disabled; ui acls disabled; users with view permissions: nitesh; groups with view permissions: EMPTY; users with modify permissions: nitesh; groups with modify permissions: EMPTY
[2025-02-19T20:52:08.340+0530] {subprocess.py:93} INFO - 25/02/19 20:52:08 INFO Utils: Successfully started service 'sparkDriver' on port 34275.
[2025-02-19T20:52:08.373+0530] {subprocess.py:93} INFO - 25/02/19 20:52:08 INFO SparkEnv: Registering MapOutputTracker
[2025-02-19T20:52:08.415+0530] {subprocess.py:93} INFO - 25/02/19 20:52:08 INFO SparkEnv: Registering BlockManagerMaster
[2025-02-19T20:52:08.437+0530] {subprocess.py:93} INFO - 25/02/19 20:52:08 INFO BlockManagerMasterEndpoint: Using org.apache.spark.storage.DefaultTopologyMapper for getting topology information
[2025-02-19T20:52:08.438+0530] {subprocess.py:93} INFO - 25/02/19 20:52:08 INFO BlockManagerMasterEndpoint: BlockManagerMasterEndpoint up
[2025-02-19T20:52:08.443+0530] {subprocess.py:93} INFO - 25/02/19 20:52:08 INFO SparkEnv: Registering BlockManagerMasterHeartbeat
[2025-02-19T20:52:08.465+0530] {subprocess.py:93} INFO - 25/02/19 20:52:08 INFO DiskBlockManager: Created local directory at /tmp/blockmgr-9c0b219b-0788-4491-8cbc-6058ce68180c
[2025-02-19T20:52:08.479+0530] {subprocess.py:93} INFO - 25/02/19 20:52:08 INFO MemoryStore: MemoryStore started with capacity 434.4 MiB
[2025-02-19T20:52:08.501+0530] {subprocess.py:93} INFO - 25/02/19 20:52:08 INFO SparkEnv: Registering OutputCommitCoordinator
[2025-02-19T20:52:08.688+0530] {subprocess.py:93} INFO - 25/02/19 20:52:08 INFO JettyUtils: Start Jetty 0.0.0.0:4040 for SparkUI
[2025-02-19T20:52:08.769+0530] {subprocess.py:93} INFO - 25/02/19 20:52:08 INFO Utils: Successfully started service 'SparkUI' on port 4040.
[2025-02-19T20:52:08.806+0530] {subprocess.py:93} INFO - 25/02/19 20:52:08 INFO SparkContext: Added JAR /mnt/c/spark/spark-3.5.2-bin-hadoop3/jars/postgresql-42.7.5.jar at spark://10.255.255.254:34275/jars/postgresql-42.7.5.jar with timestamp 1739978527885
[2025-02-19T20:52:08.868+0530] {subprocess.py:93} INFO - 25/02/19 20:52:08 INFO Executor: Starting executor ID driver on host 10.255.255.254
[2025-02-19T20:52:08.868+0530] {subprocess.py:93} INFO - 25/02/19 20:52:08 INFO Executor: OS info Linux, 5.15.167.4-microsoft-standard-WSL2, amd64
[2025-02-19T20:52:08.869+0530] {subprocess.py:93} INFO - 25/02/19 20:52:08 INFO Executor: Java version 11.0.26
[2025-02-19T20:52:08.874+0530] {subprocess.py:93} INFO - 25/02/19 20:52:08 INFO Executor: Starting executor with user classpath (userClassPathFirst = false): 'file:/mnt/c/spark/spark-3.5.2-bin-hadoop3/jars/postgresql-42.7.5.jar,file:/tmp/airflowtmp5777se2r/postgresql-42.7.5.jar'
[2025-02-19T20:52:08.875+0530] {subprocess.py:93} INFO - 25/02/19 20:52:08 INFO Executor: Created or updated repl class loader org.apache.spark.util.MutableURLClassLoader@8c6870e for default.
[2025-02-19T20:52:08.918+0530] {subprocess.py:93} INFO - 25/02/19 20:52:08 INFO Utils: Successfully started service 'org.apache.spark.network.netty.NettyBlockTransferService' on port 45941.
[2025-02-19T20:52:08.919+0530] {subprocess.py:93} INFO - 25/02/19 20:52:08 INFO NettyBlockTransferService: Server created on 10.255.255.254:45941
[2025-02-19T20:52:08.922+0530] {subprocess.py:93} INFO - 25/02/19 20:52:08 INFO BlockManager: Using org.apache.spark.storage.RandomBlockReplicationPolicy for block replication policy
[2025-02-19T20:52:08.932+0530] {subprocess.py:93} INFO - 25/02/19 20:52:08 INFO BlockManagerMaster: Registering BlockManager BlockManagerId(driver, 10.255.255.254, 45941, None)
[2025-02-19T20:52:08.938+0530] {subprocess.py:93} INFO - 25/02/19 20:52:08 INFO BlockManagerMasterEndpoint: Registering block manager 10.255.255.254:45941 with 434.4 MiB RAM, BlockManagerId(driver, 10.255.255.254, 45941, None)
[2025-02-19T20:52:08.942+0530] {subprocess.py:93} INFO - 25/02/19 20:52:08 INFO BlockManagerMaster: Registered BlockManager BlockManagerId(driver, 10.255.255.254, 45941, None)
[2025-02-19T20:52:08.945+0530] {subprocess.py:93} INFO - 25/02/19 20:52:08 INFO BlockManager: Initialized BlockManager: BlockManagerId(driver, 10.255.255.254, 45941, None)
[2025-02-19T20:52:09.502+0530] {subprocess.py:93} INFO - 25/02/19 20:52:09 INFO SharedState: Setting hive.metastore.warehouse.dir ('null') to the value of spark.sql.warehouse.dir.
[2025-02-19T20:52:09.505+0530] {subprocess.py:93} INFO - 25/02/19 20:52:09 INFO SharedState: Warehouse path is 'file:/tmp/airflowtmp5777se2r/spark-warehouse'.
[2025-02-19T20:52:16.313+0530] {subprocess.py:93} INFO - 25/02/19 20:52:16 INFO CodeGenerator: Code generated in 186.427807 ms
[2025-02-19T20:52:16.411+0530] {subprocess.py:93} INFO - 25/02/19 20:52:16 INFO CodeGenerator: Code generated in 18.971652 ms
[2025-02-19T20:52:16.457+0530] {subprocess.py:93} INFO - 25/02/19 20:52:16 INFO DAGScheduler: Got job 0 (collect at StringIndexer.scala:204) with 2 output partitions
[2025-02-19T20:52:16.457+0530] {subprocess.py:93} INFO - 25/02/19 20:52:16 INFO DAGScheduler: Final stage: ResultStage 0 (collect at StringIndexer.scala:204)
[2025-02-19T20:52:16.458+0530] {subprocess.py:93} INFO - 25/02/19 20:52:16 INFO DAGScheduler: Parents of final stage: List()
[2025-02-19T20:52:16.466+0530] {subprocess.py:93} INFO - 25/02/19 20:52:16 INFO DAGScheduler: Missing parents: List()
[2025-02-19T20:52:16.481+0530] {subprocess.py:93} INFO - 25/02/19 20:52:16 INFO DAGScheduler: Submitting ResultStage 0 (Union
[2025-02-19T20:52:16.481+0530] {subprocess.py:93} INFO - :- *(1) Scan JDBCRelation(recommendations_c_playlist) [numPartitions=1] [user_id#4,thumbnail#3,category#1,Playlist_id#2] PushedFilters: [], ReadSchema: struct<user_id:int,thumbnail:string,category:string,Playlist_id:string>
[2025-02-19T20:52:16.482+0530] {subprocess.py:93} INFO - +- *(2) Project [user_id#30, playlist_thumbnail#29 AS thumbnail#46, category#27, playlist#25 AS playlist_id#47]
[2025-02-19T20:52:16.482+0530] {subprocess.py:93} INFO -    +- *(2) Scan JDBCRelation(recommendations_videos) [numPartitions=1] [user_id#30,playlist_thumbnail#29,category#27,playlist#25] PushedFilters: [], ReadSchema: struct<user_id:int,playlist_thumbnail:string,category:string,playlist:string>
[2025-02-19T20:52:16.482+0530] {subprocess.py:93} INFO -  MapPartitionsRDD[8] at collect at StringIndexer.scala:204), which has no missing parents
[2025-02-19T20:52:16.723+0530] {subprocess.py:93} INFO - 25/02/19 20:52:16 INFO MemoryStore: Block broadcast_0 stored as values in memory (estimated size 19.5 KiB, free 434.4 MiB)
[2025-02-19T20:52:16.760+0530] {subprocess.py:93} INFO - 25/02/19 20:52:16 INFO MemoryStore: Block broadcast_0_piece0 stored as bytes in memory (estimated size 8.6 KiB, free 434.4 MiB)
[2025-02-19T20:52:16.762+0530] {subprocess.py:93} INFO - 25/02/19 20:52:16 INFO BlockManagerInfo: Added broadcast_0_piece0 in memory on 10.255.255.254:45941 (size: 8.6 KiB, free: 434.4 MiB)
[2025-02-19T20:52:16.768+0530] {subprocess.py:93} INFO - 25/02/19 20:52:16 INFO SparkContext: Created broadcast 0 from broadcast at DAGScheduler.scala:1585
[2025-02-19T20:52:16.793+0530] {subprocess.py:93} INFO - 25/02/19 20:52:16 INFO DAGScheduler: Submitting 2 missing tasks from ResultStage 0 (Union
[2025-02-19T20:52:16.793+0530] {subprocess.py:93} INFO - :- *(1) Scan JDBCRelation(recommendations_c_playlist) [numPartitions=1] [user_id#4,thumbnail#3,category#1,Playlist_id#2] PushedFilters: [], ReadSchema: struct<user_id:int,thumbnail:string,category:string,Playlist_id:string>
[2025-02-19T20:52:16.794+0530] {subprocess.py:93} INFO - +- *(2) Project [user_id#30, playlist_thumbnail#29 AS thumbnail#46, category#27, playlist#25 AS playlist_id#47]
[2025-02-19T20:52:16.794+0530] {subprocess.py:93} INFO -    +- *(2) Scan JDBCRelation(recommendations_videos) [numPartitions=1] [user_id#30,playlist_thumbnail#29,category#27,playlist#25] PushedFilters: [], ReadSchema: struct<user_id:int,playlist_thumbnail:string,category:string,playlist:string>
[2025-02-19T20:52:16.794+0530] {subprocess.py:93} INFO -  MapPartitionsRDD[8] at collect at StringIndexer.scala:204) (first 15 tasks are for partitions Vector(0, 1))
[2025-02-19T20:52:16.795+0530] {subprocess.py:93} INFO - 25/02/19 20:52:16 INFO TaskSchedulerImpl: Adding task set 0.0 with 2 tasks resource profile 0
[2025-02-19T20:52:16.846+0530] {subprocess.py:93} INFO - 25/02/19 20:52:16 INFO TaskSetManager: Starting task 0.0 in stage 0.0 (TID 0) (10.255.255.254, executor driver, partition 0, PROCESS_LOCAL, 9136 bytes)
[2025-02-19T20:52:16.851+0530] {subprocess.py:93} INFO - 25/02/19 20:52:16 INFO TaskSetManager: Starting task 1.0 in stage 0.0 (TID 1) (10.255.255.254, executor driver, partition 1, PROCESS_LOCAL, 9136 bytes)
[2025-02-19T20:52:16.869+0530] {subprocess.py:93} INFO - 25/02/19 20:52:16 INFO Executor: Running task 0.0 in stage 0.0 (TID 0)
[2025-02-19T20:52:16.869+0530] {subprocess.py:93} INFO - 25/02/19 20:52:16 INFO Executor: Running task 1.0 in stage 0.0 (TID 1)
[2025-02-19T20:52:17.037+0530] {subprocess.py:93} INFO - 25/02/19 20:52:17 INFO CodeGenerator: Code generated in 19.080469 ms
[2025-02-19T20:52:17.041+0530] {subprocess.py:93} INFO - 25/02/19 20:52:17 INFO CodeGenerator: Code generated in 23.438222 ms
[2025-02-19T20:52:17.047+0530] {subprocess.py:93} INFO - 25/02/19 20:52:17 INFO JDBCRDD: closed connection
[2025-02-19T20:52:17.048+0530] {subprocess.py:93} INFO - 25/02/19 20:52:17 INFO JDBCRDD: closed connection
[2025-02-19T20:52:17.048+0530] {subprocess.py:93} INFO - 25/02/19 20:52:17 INFO MemoryStore: Block rdd_8_1 stored as values in memory (estimated size 16.0 B, free 434.4 MiB)
[2025-02-19T20:52:17.048+0530] {subprocess.py:93} INFO - 25/02/19 20:52:17 INFO MemoryStore: Block rdd_8_0 stored as values in memory (estimated size 16.0 B, free 434.4 MiB)
[2025-02-19T20:52:17.049+0530] {subprocess.py:93} INFO - 25/02/19 20:52:17 INFO BlockManagerInfo: Added rdd_8_1 in memory on 10.255.255.254:45941 (size: 16.0 B, free: 434.4 MiB)
[2025-02-19T20:52:17.050+0530] {subprocess.py:93} INFO - 25/02/19 20:52:17 INFO BlockManagerInfo: Added rdd_8_0 in memory on 10.255.255.254:45941 (size: 16.0 B, free: 434.4 MiB)
[2025-02-19T20:52:17.066+0530] {subprocess.py:93} INFO - 25/02/19 20:52:17 INFO Executor: 1 block locks were not released by task 0.0 in stage 0.0 (TID 0)
[2025-02-19T20:52:17.066+0530] {subprocess.py:93} INFO - [rdd_8_0]
[2025-02-19T20:52:17.066+0530] {subprocess.py:93} INFO - 25/02/19 20:52:17 INFO Executor: 1 block locks were not released by task 1.0 in stage 0.0 (TID 1)
[2025-02-19T20:52:17.067+0530] {subprocess.py:93} INFO - [rdd_8_1]
[2025-02-19T20:52:17.082+0530] {subprocess.py:93} INFO - 25/02/19 20:52:17 INFO Executor: Finished task 0.0 in stage 0.0 (TID 0). 1471 bytes result sent to driver
[2025-02-19T20:52:17.083+0530] {subprocess.py:93} INFO - 25/02/19 20:52:17 INFO Executor: Finished task 1.0 in stage 0.0 (TID 1). 1471 bytes result sent to driver
[2025-02-19T20:52:17.093+0530] {subprocess.py:93} INFO - 25/02/19 20:52:17 INFO TaskSetManager: Finished task 0.0 in stage 0.0 (TID 0) in 258 ms on 10.255.255.254 (executor driver) (1/2)
[2025-02-19T20:52:17.095+0530] {subprocess.py:93} INFO - 25/02/19 20:52:17 INFO TaskSetManager: Finished task 1.0 in stage 0.0 (TID 1) in 245 ms on 10.255.255.254 (executor driver) (2/2)
[2025-02-19T20:52:17.096+0530] {subprocess.py:93} INFO - 25/02/19 20:52:17 INFO TaskSchedulerImpl: Removed TaskSet 0.0, whose tasks have all completed, from pool
[2025-02-19T20:52:17.103+0530] {subprocess.py:93} INFO - 25/02/19 20:52:17 INFO DAGScheduler: ResultStage 0 (collect at StringIndexer.scala:204) finished in 0.606 s
[2025-02-19T20:52:17.107+0530] {subprocess.py:93} INFO - 25/02/19 20:52:17 INFO DAGScheduler: Job 0 is finished. Cancelling potential speculative or zombie tasks for this job
[2025-02-19T20:52:17.107+0530] {subprocess.py:93} INFO - 25/02/19 20:52:17 INFO TaskSchedulerImpl: Killing all running tasks in stage 0: Stage finished
[2025-02-19T20:52:17.251+0530] {subprocess.py:93} INFO - 25/02/19 20:52:17 INFO SparkContext: Starting job: collect at StringIndexer.scala:204
[2025-02-19T20:52:17.254+0530] {subprocess.py:93} INFO - 25/02/19 20:52:17 INFO DAGScheduler: Registering RDD 12 (collect at StringIndexer.scala:204) as input to shuffle 0
[2025-02-19T20:52:17.258+0530] {subprocess.py:93} INFO - 25/02/19 20:52:17 INFO DAGScheduler: Got job 1 (collect at StringIndexer.scala:204) with 1 output partitions
[2025-02-19T20:52:17.258+0530] {subprocess.py:93} INFO - 25/02/19 20:52:17 INFO DAGScheduler: Final stage: ResultStage 2 (collect at StringIndexer.scala:204)
[2025-02-19T20:52:17.259+0530] {subprocess.py:93} INFO - 25/02/19 20:52:17 INFO DAGScheduler: Parents of final stage: List(ShuffleMapStage 1)
[2025-02-19T20:52:17.260+0530] {subprocess.py:93} INFO - 25/02/19 20:52:17 INFO DAGScheduler: Missing parents: List()
[2025-02-19T20:52:17.262+0530] {subprocess.py:93} INFO - 25/02/19 20:52:17 INFO DAGScheduler: Submitting ResultStage 2 (MapPartitionsRDD[15] at collect at StringIndexer.scala:204), which has no missing parents
[2025-02-19T20:52:17.270+0530] {subprocess.py:93} INFO - 25/02/19 20:52:17 INFO MemoryStore: Block broadcast_1 stored as values in memory (estimated size 27.1 KiB, free 434.3 MiB)
[2025-02-19T20:52:17.275+0530] {subprocess.py:93} INFO - 25/02/19 20:52:17 INFO MemoryStore: Block broadcast_1_piece0 stored as bytes in memory (estimated size 12.6 KiB, free 434.3 MiB)
[2025-02-19T20:52:17.276+0530] {subprocess.py:93} INFO - 25/02/19 20:52:17 INFO BlockManagerInfo: Added broadcast_1_piece0 in memory on 10.255.255.254:45941 (size: 12.6 KiB, free: 434.4 MiB)
[2025-02-19T20:52:17.277+0530] {subprocess.py:93} INFO - 25/02/19 20:52:17 INFO SparkContext: Created broadcast 1 from broadcast at DAGScheduler.scala:1585
[2025-02-19T20:52:17.277+0530] {subprocess.py:93} INFO - 25/02/19 20:52:17 INFO DAGScheduler: Submitting 1 missing tasks from ResultStage 2 (MapPartitionsRDD[15] at collect at StringIndexer.scala:204) (first 15 tasks are for partitions Vector(0))
[2025-02-19T20:52:17.278+0530] {subprocess.py:93} INFO - 25/02/19 20:52:17 INFO TaskSchedulerImpl: Adding task set 2.0 with 1 tasks resource profile 0
[2025-02-19T20:52:17.280+0530] {subprocess.py:93} INFO - 25/02/19 20:52:17 INFO TaskSetManager: Starting task 0.0 in stage 2.0 (TID 2) (10.255.255.254, executor driver, partition 0, PROCESS_LOCAL, 9181 bytes)
[2025-02-19T20:52:17.281+0530] {subprocess.py:93} INFO - 25/02/19 20:52:17 INFO Executor: Running task 0.0 in stage 2.0 (TID 2)
[2025-02-19T20:52:17.355+0530] {subprocess.py:93} INFO - 25/02/19 20:52:17 INFO ShuffleBlockFetcherIterator: Getting 0 (0.0 B) non-empty blocks including 0 (0.0 B) local and 0 (0.0 B) host-local and 0 (0.0 B) push-merged-local and 0 (0.0 B) remote blocks
[2025-02-19T20:52:17.357+0530] {subprocess.py:93} INFO - 25/02/19 20:52:17 INFO ShuffleBlockFetcherIterator: Started 0 remote fetches in 8 ms
[2025-02-19T20:52:17.400+0530] {subprocess.py:93} INFO - 25/02/19 20:52:17 INFO CodeGenerator: Code generated in 13.563648 ms
[2025-02-19T20:52:17.421+0530] {subprocess.py:93} INFO - 25/02/19 20:52:17 INFO CodeGenerator: Code generated in 8.438117 ms
[2025-02-19T20:52:17.474+0530] {subprocess.py:93} INFO - 25/02/19 20:52:17 INFO CodeGenerator: Code generated in 43.190887 ms
[2025-02-19T20:52:17.499+0530] {subprocess.py:93} INFO - 25/02/19 20:52:17 INFO BlockManagerInfo: Removed broadcast_0_piece0 on 10.255.255.254:45941 in memory (size: 8.6 KiB, free: 434.4 MiB)
[2025-02-19T20:52:17.512+0530] {subprocess.py:93} INFO - 25/02/19 20:52:17 INFO CodeGenerator: Code generated in 23.865619 ms
[2025-02-19T20:52:17.777+0530] {subprocess.py:93} INFO - 25/02/19 20:52:17 INFO Executor: Finished task 0.0 in stage 2.0 (TID 2). 4730 bytes result sent to driver
[2025-02-19T20:52:17.780+0530] {subprocess.py:93} INFO - 25/02/19 20:52:17 INFO TaskSetManager: Finished task 0.0 in stage 2.0 (TID 2) in 501 ms on 10.255.255.254 (executor driver) (1/1)
[2025-02-19T20:52:17.780+0530] {subprocess.py:93} INFO - 25/02/19 20:52:17 INFO TaskSchedulerImpl: Removed TaskSet 2.0, whose tasks have all completed, from pool
[2025-02-19T20:52:17.781+0530] {subprocess.py:93} INFO - 25/02/19 20:52:17 INFO DAGScheduler: ResultStage 2 (collect at StringIndexer.scala:204) finished in 0.514 s
[2025-02-19T20:52:17.782+0530] {subprocess.py:93} INFO - 25/02/19 20:52:17 INFO DAGScheduler: Job 1 is finished. Cancelling potential speculative or zombie tasks for this job
[2025-02-19T20:52:17.782+0530] {subprocess.py:93} INFO - 25/02/19 20:52:17 INFO TaskSchedulerImpl: Killing all running tasks in stage 2: Stage finished
[2025-02-19T20:52:17.783+0530] {subprocess.py:93} INFO - 25/02/19 20:52:17 INFO DAGScheduler: Job 1 finished: collect at StringIndexer.scala:204, took 0.531491 s
[2025-02-19T20:52:17.811+0530] {subprocess.py:93} INFO - 25/02/19 20:52:17 INFO CodeGenerator: Code generated in 16.959485 ms
[2025-02-19T20:52:18.177+0530] {subprocess.py:93} INFO - 25/02/19 20:52:18 INFO BlockManagerInfo: Removed broadcast_1_piece0 on 10.255.255.254:45941 in memory (size: 12.6 KiB, free: 434.4 MiB)
[2025-02-19T20:52:19.089+0530] {subprocess.py:93} INFO - 25/02/19 20:52:19 INFO DAGScheduler: Got job 2 (collect at StringIndexer.scala:204) with 2 output partitions
[2025-02-19T20:52:19.090+0530] {subprocess.py:93} INFO - 25/02/19 20:52:19 INFO DAGScheduler: Final stage: ResultStage 3 (collect at StringIndexer.scala:204)
[2025-02-19T20:52:19.090+0530] {subprocess.py:93} INFO - 25/02/19 20:52:19 INFO DAGScheduler: Parents of final stage: List()
[2025-02-19T20:52:19.097+0530] {subprocess.py:93} INFO - 25/02/19 20:52:19 INFO DAGScheduler: Missing parents: List()
[2025-02-19T20:52:19.100+0530] {subprocess.py:93} INFO - 25/02/19 20:52:19 INFO DAGScheduler: Submitting ResultStage 3 (Union
[2025-02-19T20:52:19.100+0530] {subprocess.py:93} INFO - :- *(1) Scan JDBCRelation(recommendations_c_videos) [numPartitions=1] [user_id#14,thumbnail#13,category#11,video_id#12] PushedFilters: [], ReadSchema: struct<user_id:int,thumbnail:string,category:string,video_id:string>
[2025-02-19T20:52:19.100+0530] {subprocess.py:93} INFO - +- *(2) Project [user_id#30, video_thumbnail#28 AS thumbnail#80, category#27, video_id#21]
[2025-02-19T20:52:19.100+0530] {subprocess.py:93} INFO -    +- *(2) Scan JDBCRelation(recommendations_videos) [numPartitions=1] [user_id#30,video_thumbnail#28,category#27,video_id#21] PushedFilters: [], ReadSchema: struct<user_id:int,video_thumbnail:string,category:string,video_id:string>
[2025-02-19T20:52:19.100+0530] {subprocess.py:93} INFO -  MapPartitionsRDD[20] at collect at StringIndexer.scala:204), which has no missing parents
[2025-02-19T20:52:19.117+0530] {subprocess.py:93} INFO - 25/02/19 20:52:19 INFO MemoryStore: Block broadcast_2 stored as values in memory (estimated size 19.5 KiB, free 434.4 MiB)
[2025-02-19T20:52:19.120+0530] {subprocess.py:93} INFO - 25/02/19 20:52:19 INFO MemoryStore: Block broadcast_2_piece0 stored as bytes in memory (estimated size 8.6 KiB, free 434.4 MiB)
[2025-02-19T20:52:19.123+0530] {subprocess.py:93} INFO - 25/02/19 20:52:19 INFO BlockManagerInfo: Added broadcast_2_piece0 in memory on 10.255.255.254:45941 (size: 8.6 KiB, free: 434.4 MiB)
[2025-02-19T20:52:19.123+0530] {subprocess.py:93} INFO - 25/02/19 20:52:19 INFO SparkContext: Created broadcast 2 from broadcast at DAGScheduler.scala:1585
[2025-02-19T20:52:19.125+0530] {subprocess.py:93} INFO - 25/02/19 20:52:19 INFO DAGScheduler: Submitting 2 missing tasks from ResultStage 3 (Union
[2025-02-19T20:52:19.131+0530] {subprocess.py:93} INFO - :- *(1) Scan JDBCRelation(recommendations_c_videos) [numPartitions=1] [user_id#14,thumbnail#13,category#11,video_id#12] PushedFilters: [], ReadSchema: struct<user_id:int,thumbnail:string,category:string,video_id:string>
[2025-02-19T20:52:19.132+0530] {subprocess.py:93} INFO - +- *(2) Project [user_id#30, video_thumbnail#28 AS thumbnail#80, category#27, video_id#21]
[2025-02-19T20:52:19.132+0530] {subprocess.py:93} INFO -    +- *(2) Scan JDBCRelation(recommendations_videos) [numPartitions=1] [user_id#30,video_thumbnail#28,category#27,video_id#21] PushedFilters: [], ReadSchema: struct<user_id:int,video_thumbnail:string,category:string,video_id:string>
[2025-02-19T20:52:19.132+0530] {subprocess.py:93} INFO -  MapPartitionsRDD[20] at collect at StringIndexer.scala:204) (first 15 tasks are for partitions Vector(0, 1))
[2025-02-19T20:52:19.132+0530] {subprocess.py:93} INFO - 25/02/19 20:52:19 INFO TaskSchedulerImpl: Adding task set 3.0 with 2 tasks resource profile 0
[2025-02-19T20:52:19.132+0530] {subprocess.py:93} INFO - 25/02/19 20:52:19 INFO TaskSetManager: Starting task 0.0 in stage 3.0 (TID 3) (10.255.255.254, executor driver, partition 0, PROCESS_LOCAL, 9136 bytes)
[2025-02-19T20:52:19.133+0530] {subprocess.py:93} INFO - 25/02/19 20:52:19 INFO TaskSetManager: Starting task 1.0 in stage 3.0 (TID 4) (10.255.255.254, executor driver, partition 1, PROCESS_LOCAL, 9136 bytes)
[2025-02-19T20:52:19.133+0530] {subprocess.py:93} INFO - 25/02/19 20:52:19 INFO Executor: Running task 0.0 in stage 3.0 (TID 3)
[2025-02-19T20:52:19.133+0530] {subprocess.py:93} INFO - 25/02/19 20:52:19 INFO Executor: Running task 1.0 in stage 3.0 (TID 4)
[2025-02-19T20:52:19.164+0530] {subprocess.py:93} INFO - 25/02/19 20:52:19 INFO JDBCRDD: closed connection
[2025-02-19T20:52:19.164+0530] {subprocess.py:93} INFO - 25/02/19 20:52:19 INFO JDBCRDD: closed connection
[2025-02-19T20:52:19.164+0530] {subprocess.py:93} INFO - 25/02/19 20:52:19 INFO MemoryStore: Block rdd_20_0 stored as values in memory (estimated size 16.0 B, free 434.4 MiB)
[2025-02-19T20:52:19.165+0530] {subprocess.py:93} INFO - 25/02/19 20:52:19 INFO MemoryStore: Block rdd_20_1 stored as values in memory (estimated size 16.0 B, free 434.4 MiB)
[2025-02-19T20:52:19.166+0530] {subprocess.py:93} INFO - 25/02/19 20:52:19 INFO BlockManagerInfo: Added rdd_20_0 in memory on 10.255.255.254:45941 (size: 16.0 B, free: 434.4 MiB)
[2025-02-19T20:52:19.166+0530] {subprocess.py:93} INFO - 25/02/19 20:52:19 INFO BlockManagerInfo: Added rdd_20_1 in memory on 10.255.255.254:45941 (size: 16.0 B, free: 434.4 MiB)
[2025-02-19T20:52:19.168+0530] {subprocess.py:93} INFO - 25/02/19 20:52:19 INFO Executor: 1 block locks were not released by task 0.0 in stage 3.0 (TID 3)
[2025-02-19T20:52:19.168+0530] {subprocess.py:93} INFO - [rdd_20_0]
[2025-02-19T20:52:19.168+0530] {subprocess.py:93} INFO - 25/02/19 20:52:19 INFO Executor: 1 block locks were not released by task 1.0 in stage 3.0 (TID 4)
[2025-02-19T20:52:19.169+0530] {subprocess.py:93} INFO - [rdd_20_1]
[2025-02-19T20:52:19.169+0530] {subprocess.py:93} INFO - 25/02/19 20:52:19 INFO Executor: Finished task 0.0 in stage 3.0 (TID 3). 1428 bytes result sent to driver
[2025-02-19T20:52:19.170+0530] {subprocess.py:93} INFO - 25/02/19 20:52:19 INFO Executor: Finished task 1.0 in stage 3.0 (TID 4). 1428 bytes result sent to driver
[2025-02-19T20:52:19.171+0530] {subprocess.py:93} INFO - 25/02/19 20:52:19 INFO TaskSetManager: Finished task 0.0 in stage 3.0 (TID 3) in 47 ms on 10.255.255.254 (executor driver) (1/2)
[2025-02-19T20:52:19.171+0530] {subprocess.py:93} INFO - 25/02/19 20:52:19 INFO TaskSetManager: Finished task 1.0 in stage 3.0 (TID 4) in 46 ms on 10.255.255.254 (executor driver) (2/2)
[2025-02-19T20:52:19.172+0530] {subprocess.py:93} INFO - 25/02/19 20:52:19 INFO TaskSchedulerImpl: Removed TaskSet 3.0, whose tasks have all completed, from pool
[2025-02-19T20:52:19.173+0530] {subprocess.py:93} INFO - 25/02/19 20:52:19 INFO DAGScheduler: ResultStage 3 (collect at StringIndexer.scala:204) finished in 0.066 s
[2025-02-19T20:52:19.174+0530] {subprocess.py:93} INFO - 25/02/19 20:52:19 INFO DAGScheduler: Job 2 is finished. Cancelling potential speculative or zombie tasks for this job
[2025-02-19T20:52:19.174+0530] {subprocess.py:93} INFO - 25/02/19 20:52:19 INFO TaskSchedulerImpl: Killing all running tasks in stage 3: Stage finished
[2025-02-19T20:52:19.223+0530] {subprocess.py:93} INFO - 25/02/19 20:52:19 INFO SparkContext: Starting job: collect at StringIndexer.scala:204
[2025-02-19T20:52:19.224+0530] {subprocess.py:93} INFO - 25/02/19 20:52:19 INFO DAGScheduler: Registering RDD 24 (collect at StringIndexer.scala:204) as input to shuffle 1
[2025-02-19T20:52:19.224+0530] {subprocess.py:93} INFO - 25/02/19 20:52:19 INFO DAGScheduler: Got job 3 (collect at StringIndexer.scala:204) with 1 output partitions
[2025-02-19T20:52:19.225+0530] {subprocess.py:93} INFO - 25/02/19 20:52:19 INFO DAGScheduler: Final stage: ResultStage 5 (collect at StringIndexer.scala:204)
[2025-02-19T20:52:19.225+0530] {subprocess.py:93} INFO - 25/02/19 20:52:19 INFO DAGScheduler: Parents of final stage: List(ShuffleMapStage 4)
[2025-02-19T20:52:19.225+0530] {subprocess.py:93} INFO - 25/02/19 20:52:19 INFO DAGScheduler: Missing parents: List()
[2025-02-19T20:52:19.226+0530] {subprocess.py:93} INFO - 25/02/19 20:52:19 INFO DAGScheduler: Submitting ResultStage 5 (MapPartitionsRDD[27] at collect at StringIndexer.scala:204), which has no missing parents
[2025-02-19T20:52:19.230+0530] {subprocess.py:93} INFO - 25/02/19 20:52:19 INFO MemoryStore: Block broadcast_3 stored as values in memory (estimated size 27.1 KiB, free 434.3 MiB)
[2025-02-19T20:52:19.234+0530] {subprocess.py:93} INFO - 25/02/19 20:52:19 INFO MemoryStore: Block broadcast_3_piece0 stored as bytes in memory (estimated size 12.6 KiB, free 434.3 MiB)
[2025-02-19T20:52:19.235+0530] {subprocess.py:93} INFO - 25/02/19 20:52:19 INFO BlockManagerInfo: Added broadcast_3_piece0 in memory on 10.255.255.254:45941 (size: 12.6 KiB, free: 434.4 MiB)
[2025-02-19T20:52:19.235+0530] {subprocess.py:93} INFO - 25/02/19 20:52:19 INFO SparkContext: Created broadcast 3 from broadcast at DAGScheduler.scala:1585
[2025-02-19T20:52:19.236+0530] {subprocess.py:93} INFO - 25/02/19 20:52:19 INFO DAGScheduler: Submitting 1 missing tasks from ResultStage 5 (MapPartitionsRDD[27] at collect at StringIndexer.scala:204) (first 15 tasks are for partitions Vector(0))
[2025-02-19T20:52:19.237+0530] {subprocess.py:93} INFO - 25/02/19 20:52:19 INFO TaskSchedulerImpl: Adding task set 5.0 with 1 tasks resource profile 0
[2025-02-19T20:52:19.238+0530] {subprocess.py:93} INFO - 25/02/19 20:52:19 INFO TaskSetManager: Starting task 0.0 in stage 5.0 (TID 5) (10.255.255.254, executor driver, partition 0, PROCESS_LOCAL, 9181 bytes)
[2025-02-19T20:52:19.239+0530] {subprocess.py:93} INFO - 25/02/19 20:52:19 INFO Executor: Running task 0.0 in stage 5.0 (TID 5)
[2025-02-19T20:52:19.249+0530] {subprocess.py:93} INFO - 25/02/19 20:52:19 INFO ShuffleBlockFetcherIterator: Getting 0 (0.0 B) non-empty blocks including 0 (0.0 B) local and 0 (0.0 B) host-local and 0 (0.0 B) push-merged-local and 0 (0.0 B) remote blocks
[2025-02-19T20:52:19.249+0530] {subprocess.py:93} INFO - 25/02/19 20:52:19 INFO ShuffleBlockFetcherIterator: Started 0 remote fetches in 0 ms
[2025-02-19T20:52:19.273+0530] {subprocess.py:93} INFO - 25/02/19 20:52:19 INFO Executor: Finished task 0.0 in stage 5.0 (TID 5). 4687 bytes result sent to driver
[2025-02-19T20:52:19.276+0530] {subprocess.py:93} INFO - 25/02/19 20:52:19 INFO TaskSetManager: Finished task 0.0 in stage 5.0 (TID 5) in 37 ms on 10.255.255.254 (executor driver) (1/1)
[2025-02-19T20:52:19.276+0530] {subprocess.py:93} INFO - 25/02/19 20:52:19 INFO TaskSchedulerImpl: Removed TaskSet 5.0, whose tasks have all completed, from pool
[2025-02-19T20:52:19.278+0530] {subprocess.py:93} INFO - 25/02/19 20:52:19 INFO DAGScheduler: ResultStage 5 (collect at StringIndexer.scala:204) finished in 0.050 s
[2025-02-19T20:52:19.278+0530] {subprocess.py:93} INFO - 25/02/19 20:52:19 INFO DAGScheduler: Job 3 is finished. Cancelling potential speculative or zombie tasks for this job
[2025-02-19T20:52:19.279+0530] {subprocess.py:93} INFO - 25/02/19 20:52:19 INFO TaskSchedulerImpl: Killing all running tasks in stage 5: Stage finished
[2025-02-19T20:52:19.279+0530] {subprocess.py:93} INFO - 25/02/19 20:52:19 INFO DAGScheduler: Job 3 finished: collect at StringIndexer.scala:204, took 0.055685 s
[2025-02-19T20:52:19.359+0530] {subprocess.py:93} INFO - 25/02/19 20:52:19 INFO BlockManagerInfo: Removed broadcast_2_piece0 on 10.255.255.254:45941 in memory (size: 8.6 KiB, free: 434.4 MiB)
[2025-02-19T20:52:19.365+0530] {subprocess.py:93} INFO - 25/02/19 20:52:19 INFO BlockManagerInfo: Removed broadcast_3_piece0 on 10.255.255.254:45941 in memory (size: 12.6 KiB, free: 434.4 MiB)
[2025-02-19T20:52:19.666+0530] {subprocess.py:93} INFO - 25/02/19 20:52:19 INFO CodeGenerator: Code generated in 53.720215 ms
[2025-02-19T20:52:19.734+0530] {subprocess.py:93} INFO - 25/02/19 20:52:19 INFO Instrumentation: [9a0e5b99] Stage class: ALS
[2025-02-19T20:52:19.735+0530] {subprocess.py:93} INFO - 25/02/19 20:52:19 INFO Instrumentation: [9a0e5b99] Stage uid: ALS_1b6ce9376b9b
[2025-02-19T20:52:19.826+0530] {subprocess.py:93} INFO - 25/02/19 20:52:19 INFO CodeGenerator: Code generated in 16.679499 ms
[2025-02-19T20:52:19.846+0530] {subprocess.py:93} INFO - 25/02/19 20:52:19 INFO Instrumentation: [9a0e5b99] training: numPartitions=2 storageLevel=StorageLevel(1 replicas)
[2025-02-19T20:52:19.873+0530] {subprocess.py:93} INFO - 25/02/19 20:52:19 INFO Instrumentation: [9a0e5b99] {"userCol":"user_id","itemCol":"playlist_index","ratingCol":"rating"}
[2025-02-19T20:52:19.933+0530] {subprocess.py:93} INFO - 25/02/19 20:52:19 INFO SparkContext: Starting job: isEmpty at ALS.scala:975
[2025-02-19T20:52:19.935+0530] {subprocess.py:93} INFO - 25/02/19 20:52:19 INFO DAGScheduler: Got job 4 (isEmpty at ALS.scala:975) with 1 output partitions
[2025-02-19T20:52:19.935+0530] {subprocess.py:93} INFO - 25/02/19 20:52:19 INFO DAGScheduler: Final stage: ResultStage 6 (isEmpty at ALS.scala:975)
[2025-02-19T20:52:19.935+0530] {subprocess.py:93} INFO - 25/02/19 20:52:19 INFO DAGScheduler: Parents of final stage: List()
[2025-02-19T20:52:19.937+0530] {subprocess.py:93} INFO - 25/02/19 20:52:19 INFO DAGScheduler: Missing parents: List()
[2025-02-19T20:52:19.939+0530] {subprocess.py:93} INFO - 25/02/19 20:52:19 INFO DAGScheduler: Submitting ResultStage 6 (MapPartitionsRDD[35] at map at ALS.scala:729), which has no missing parents
[2025-02-19T20:52:19.944+0530] {subprocess.py:93} INFO - 25/02/19 20:52:19 INFO MemoryStore: Block broadcast_4 stored as values in memory (estimated size 52.7 KiB, free 434.3 MiB)
[2025-02-19T20:52:19.946+0530] {subprocess.py:93} INFO - 25/02/19 20:52:19 INFO MemoryStore: Block broadcast_4_piece0 stored as bytes in memory (estimated size 22.5 KiB, free 434.3 MiB)
[2025-02-19T20:52:19.947+0530] {subprocess.py:93} INFO - 25/02/19 20:52:19 INFO BlockManagerInfo: Added broadcast_4_piece0 in memory on 10.255.255.254:45941 (size: 22.5 KiB, free: 434.4 MiB)
[2025-02-19T20:52:19.948+0530] {subprocess.py:93} INFO - 25/02/19 20:52:19 INFO SparkContext: Created broadcast 4 from broadcast at DAGScheduler.scala:1585
[2025-02-19T20:52:19.948+0530] {subprocess.py:93} INFO - 25/02/19 20:52:19 INFO DAGScheduler: Submitting 1 missing tasks from ResultStage 6 (MapPartitionsRDD[35] at map at ALS.scala:729) (first 15 tasks are for partitions Vector(0))
[2025-02-19T20:52:19.949+0530] {subprocess.py:93} INFO - 25/02/19 20:52:19 INFO TaskSchedulerImpl: Adding task set 6.0 with 1 tasks resource profile 0
[2025-02-19T20:52:19.954+0530] {subprocess.py:93} INFO - 25/02/19 20:52:19 INFO TaskSetManager: Starting task 0.0 in stage 6.0 (TID 6) (10.255.255.254, executor driver, partition 0, PROCESS_LOCAL, 9136 bytes)
[2025-02-19T20:52:19.955+0530] {subprocess.py:93} INFO - 25/02/19 20:52:19 INFO Executor: Running task 0.0 in stage 6.0 (TID 6)
[2025-02-19T20:52:20.000+0530] {subprocess.py:93} INFO - 25/02/19 20:52:19 INFO BlockManager: Found block rdd_8_0 locally
[2025-02-19T20:52:20.008+0530] {subprocess.py:93} INFO - 25/02/19 20:52:20 INFO CodeGenerator: Code generated in 4.057741 ms
[2025-02-19T20:52:20.044+0530] {subprocess.py:93} INFO - 25/02/19 20:52:20 INFO CodeGenerator: Code generated in 27.999711 ms
[2025-02-19T20:52:20.071+0530] {subprocess.py:93} INFO - 25/02/19 20:52:20 INFO CodeGenerator: Code generated in 24.021874 ms
[2025-02-19T20:52:20.096+0530] {subprocess.py:93} INFO - 25/02/19 20:52:20 INFO CodeGenerator: Code generated in 16.045481 ms
[2025-02-19T20:52:20.101+0530] {subprocess.py:93} INFO - 25/02/19 20:52:20 INFO Executor: Finished task 0.0 in stage 6.0 (TID 6). 1612 bytes result sent to driver
[2025-02-19T20:52:20.102+0530] {subprocess.py:93} INFO - 25/02/19 20:52:20 INFO TaskSetManager: Finished task 0.0 in stage 6.0 (TID 6) in 149 ms on 10.255.255.254 (executor driver) (1/1)
[2025-02-19T20:52:20.104+0530] {subprocess.py:93} INFO - 25/02/19 20:52:20 INFO TaskSchedulerImpl: Removed TaskSet 6.0, whose tasks have all completed, from pool
[2025-02-19T20:52:20.104+0530] {subprocess.py:93} INFO - 25/02/19 20:52:20 INFO DAGScheduler: ResultStage 6 (isEmpty at ALS.scala:975) finished in 0.163 s
[2025-02-19T20:52:20.104+0530] {subprocess.py:93} INFO - 25/02/19 20:52:20 INFO DAGScheduler: Job 4 is finished. Cancelling potential speculative or zombie tasks for this job
[2025-02-19T20:52:20.104+0530] {subprocess.py:93} INFO - 25/02/19 20:52:20 INFO TaskSchedulerImpl: Killing all running tasks in stage 6: Stage finished
[2025-02-19T20:52:20.105+0530] {subprocess.py:93} INFO - 25/02/19 20:52:20 INFO DAGScheduler: Job 4 finished: isEmpty at ALS.scala:975, took 0.170583 s
[2025-02-19T20:52:20.130+0530] {subprocess.py:93} INFO - 25/02/19 20:52:20 INFO SparkContext: Starting job: isEmpty at ALS.scala:975
[2025-02-19T20:52:20.131+0530] {subprocess.py:93} INFO - 25/02/19 20:52:20 INFO DAGScheduler: Got job 5 (isEmpty at ALS.scala:975) with 1 output partitions
[2025-02-19T20:52:20.132+0530] {subprocess.py:93} INFO - 25/02/19 20:52:20 INFO DAGScheduler: Final stage: ResultStage 7 (isEmpty at ALS.scala:975)
[2025-02-19T20:52:20.132+0530] {subprocess.py:93} INFO - 25/02/19 20:52:20 INFO DAGScheduler: Parents of final stage: List()
[2025-02-19T20:52:20.132+0530] {subprocess.py:93} INFO - 25/02/19 20:52:20 INFO DAGScheduler: Missing parents: List()
[2025-02-19T20:52:20.134+0530] {subprocess.py:93} INFO - 25/02/19 20:52:20 INFO DAGScheduler: Submitting ResultStage 7 (MapPartitionsRDD[35] at map at ALS.scala:729), which has no missing parents
[2025-02-19T20:52:20.137+0530] {subprocess.py:93} INFO - 25/02/19 20:52:20 INFO MemoryStore: Block broadcast_5 stored as values in memory (estimated size 52.7 KiB, free 434.3 MiB)
[2025-02-19T20:52:20.140+0530] {subprocess.py:93} INFO - 25/02/19 20:52:20 INFO MemoryStore: Block broadcast_5_piece0 stored as bytes in memory (estimated size 22.5 KiB, free 434.3 MiB)
[2025-02-19T20:52:20.141+0530] {subprocess.py:93} INFO - 25/02/19 20:52:20 INFO BlockManagerInfo: Added broadcast_5_piece0 in memory on 10.255.255.254:45941 (size: 22.5 KiB, free: 434.4 MiB)
[2025-02-19T20:52:20.142+0530] {subprocess.py:93} INFO - 25/02/19 20:52:20 INFO SparkContext: Created broadcast 5 from broadcast at DAGScheduler.scala:1585
[2025-02-19T20:52:20.143+0530] {subprocess.py:93} INFO - 25/02/19 20:52:20 INFO DAGScheduler: Submitting 1 missing tasks from ResultStage 7 (MapPartitionsRDD[35] at map at ALS.scala:729) (first 15 tasks are for partitions Vector(1))
[2025-02-19T20:52:20.144+0530] {subprocess.py:93} INFO - 25/02/19 20:52:20 INFO TaskSchedulerImpl: Adding task set 7.0 with 1 tasks resource profile 0
[2025-02-19T20:52:20.147+0530] {subprocess.py:93} INFO - 25/02/19 20:52:20 INFO TaskSetManager: Starting task 0.0 in stage 7.0 (TID 7) (10.255.255.254, executor driver, partition 1, PROCESS_LOCAL, 9136 bytes)
[2025-02-19T20:52:20.148+0530] {subprocess.py:93} INFO - 25/02/19 20:52:20 INFO Executor: Running task 0.0 in stage 7.0 (TID 7)
[2025-02-19T20:52:20.161+0530] {subprocess.py:93} INFO - 25/02/19 20:52:20 INFO BlockManager: Found block rdd_8_1 locally
[2025-02-19T20:52:20.171+0530] {subprocess.py:93} INFO - 25/02/19 20:52:20 INFO Executor: Finished task 0.0 in stage 7.0 (TID 7). 1612 bytes result sent to driver
[2025-02-19T20:52:20.172+0530] {subprocess.py:93} INFO - 25/02/19 20:52:20 INFO TaskSetManager: Finished task 0.0 in stage 7.0 (TID 7) in 26 ms on 10.255.255.254 (executor driver) (1/1)
[2025-02-19T20:52:20.172+0530] {subprocess.py:93} INFO - 25/02/19 20:52:20 INFO TaskSchedulerImpl: Removed TaskSet 7.0, whose tasks have all completed, from pool
[2025-02-19T20:52:20.174+0530] {subprocess.py:93} INFO - 25/02/19 20:52:20 INFO DAGScheduler: ResultStage 7 (isEmpty at ALS.scala:975) finished in 0.039 s
[2025-02-19T20:52:20.174+0530] {subprocess.py:93} INFO - 25/02/19 20:52:20 INFO DAGScheduler: Job 5 is finished. Cancelling potential speculative or zombie tasks for this job
[2025-02-19T20:52:20.174+0530] {subprocess.py:93} INFO - 25/02/19 20:52:20 INFO TaskSchedulerImpl: Killing all running tasks in stage 7: Stage finished
[2025-02-19T20:52:20.175+0530] {subprocess.py:93} INFO - 25/02/19 20:52:20 INFO DAGScheduler: Job 5 finished: isEmpty at ALS.scala:975, took 0.044329 s
[2025-02-19T20:52:20.179+0530] {subprocess.py:93} INFO - 25/02/19 20:52:20 ERROR Instrumentation: java.lang.IllegalArgumentException: requirement failed: No ratings available from MapPartitionsRDD[35] at map at ALS.scala:729
[2025-02-19T20:52:20.179+0530] {subprocess.py:93} INFO - 	at scala.Predef$.require(Predef.scala:281)
[2025-02-19T20:52:20.179+0530] {subprocess.py:93} INFO - 	at org.apache.spark.ml.recommendation.ALS$.train(ALS.scala:975)
[2025-02-19T20:52:20.179+0530] {subprocess.py:93} INFO - 	at org.apache.spark.ml.recommendation.ALS.$anonfun$fit$1(ALS.scala:737)
[2025-02-19T20:52:20.179+0530] {subprocess.py:93} INFO - 	at org.apache.spark.ml.util.Instrumentation$.$anonfun$instrumented$1(Instrumentation.scala:191)
[2025-02-19T20:52:20.179+0530] {subprocess.py:93} INFO - 	at scala.util.Try$.apply(Try.scala:213)
[2025-02-19T20:52:20.180+0530] {subprocess.py:93} INFO - 	at org.apache.spark.ml.util.Instrumentation$.instrumented(Instrumentation.scala:191)
[2025-02-19T20:52:20.180+0530] {subprocess.py:93} INFO - 	at org.apache.spark.ml.recommendation.ALS.fit(ALS.scala:714)
[2025-02-19T20:52:20.180+0530] {subprocess.py:93} INFO - 	at org.apache.spark.ml.recommendation.ALS.fit(ALS.scala:616)
[2025-02-19T20:52:20.180+0530] {subprocess.py:93} INFO - 	at java.base/jdk.internal.reflect.NativeMethodAccessorImpl.invoke0(Native Method)
[2025-02-19T20:52:20.180+0530] {subprocess.py:93} INFO - 	at java.base/jdk.internal.reflect.NativeMethodAccessorImpl.invoke(NativeMethodAccessorImpl.java:62)
[2025-02-19T20:52:20.180+0530] {subprocess.py:93} INFO - 	at java.base/jdk.internal.reflect.DelegatingMethodAccessorImpl.invoke(DelegatingMethodAccessorImpl.java:43)
[2025-02-19T20:52:20.180+0530] {subprocess.py:93} INFO - 	at java.base/java.lang.reflect.Method.invoke(Method.java:566)
[2025-02-19T20:52:20.180+0530] {subprocess.py:93} INFO - 	at py4j.reflection.MethodInvoker.invoke(MethodInvoker.java:244)
[2025-02-19T20:52:20.180+0530] {subprocess.py:93} INFO - 	at py4j.reflection.ReflectionEngine.invoke(ReflectionEngine.java:374)
[2025-02-19T20:52:20.180+0530] {subprocess.py:93} INFO - 	at py4j.Gateway.invoke(Gateway.java:282)
[2025-02-19T20:52:20.180+0530] {subprocess.py:93} INFO - 	at py4j.commands.AbstractCommand.invokeMethod(AbstractCommand.java:132)
[2025-02-19T20:52:20.180+0530] {subprocess.py:93} INFO - 	at py4j.commands.CallCommand.execute(CallCommand.java:79)
[2025-02-19T20:52:20.180+0530] {subprocess.py:93} INFO - 	at py4j.ClientServerConnection.waitForCommands(ClientServerConnection.java:182)
[2025-02-19T20:52:20.180+0530] {subprocess.py:93} INFO - 	at py4j.ClientServerConnection.run(ClientServerConnection.java:106)
[2025-02-19T20:52:20.180+0530] {subprocess.py:93} INFO - 	at java.base/java.lang.Thread.run(Thread.java:829)
[2025-02-19T20:52:20.181+0530] {subprocess.py:93} INFO - 
[2025-02-19T20:52:20.202+0530] {subprocess.py:93} INFO - Traceback (most recent call last):
[2025-02-19T20:52:20.202+0530] {subprocess.py:93} INFO -   File "/home/nitesh/project_1/youtube_project/spark_jobs/testjob.py", line 120, in <module>
[2025-02-19T20:52:20.203+0530] {subprocess.py:93} INFO -     main()
[2025-02-19T20:52:20.203+0530] {subprocess.py:93} INFO -   File "/home/nitesh/project_1/youtube_project/spark_jobs/testjob.py", line 76, in main
[2025-02-19T20:52:20.203+0530] {subprocess.py:93} INFO -     p_model = train_als(playlist_indexer, 'user_id', 'playlist_index', 'rating')
[2025-02-19T20:52:20.204+0530] {subprocess.py:93} INFO -   File "/home/nitesh/project_1/youtube_project/spark_jobs/testjob.py", line 74, in train_als
[2025-02-19T20:52:20.204+0530] {subprocess.py:93} INFO -     return als.fit(df)
[2025-02-19T20:52:20.204+0530] {subprocess.py:93} INFO -   File "/home/nitesh/project_1/myenv/lib/python3.10/site-packages/pyspark/python/lib/pyspark.zip/pyspark/ml/base.py", line 205, in fit
[2025-02-19T20:52:20.204+0530] {subprocess.py:93} INFO -   File "/home/nitesh/project_1/myenv/lib/python3.10/site-packages/pyspark/python/lib/pyspark.zip/pyspark/ml/wrapper.py", line 381, in _fit
[2025-02-19T20:52:20.204+0530] {subprocess.py:93} INFO -   File "/home/nitesh/project_1/myenv/lib/python3.10/site-packages/pyspark/python/lib/pyspark.zip/pyspark/ml/wrapper.py", line 378, in _fit_java
[2025-02-19T20:52:20.205+0530] {subprocess.py:93} INFO -   File "/home/nitesh/project_1/myenv/lib/python3.10/site-packages/pyspark/python/lib/py4j-0.10.9.7-src.zip/py4j/java_gateway.py", line 1322, in __call__
[2025-02-19T20:52:20.205+0530] {subprocess.py:93} INFO -   File "/home/nitesh/project_1/myenv/lib/python3.10/site-packages/pyspark/python/lib/pyspark.zip/pyspark/errors/exceptions/captured.py", line 185, in deco
[2025-02-19T20:52:20.210+0530] {subprocess.py:93} INFO - pyspark.errors.exceptions.captured.IllegalArgumentException: requirement failed: No ratings available from MapPartitionsRDD[35] at map at ALS.scala:729
[2025-02-19T20:52:20.323+0530] {subprocess.py:93} INFO - 25/02/19 20:52:20 INFO SparkContext: Invoking stop() from shutdown hook
[2025-02-19T20:52:20.323+0530] {subprocess.py:93} INFO - 25/02/19 20:52:20 INFO SparkContext: SparkContext is stopping with exitCode 0.
[2025-02-19T20:52:20.340+0530] {subprocess.py:93} INFO - 25/02/19 20:52:20 INFO SparkUI: Stopped Spark web UI at http://10.255.255.254:4040
[2025-02-19T20:52:20.357+0530] {subprocess.py:93} INFO - 25/02/19 20:52:20 INFO MapOutputTrackerMasterEndpoint: MapOutputTrackerMasterEndpoint stopped!
[2025-02-19T20:52:20.372+0530] {subprocess.py:93} INFO - 25/02/19 20:52:20 INFO MemoryStore: MemoryStore cleared
[2025-02-19T20:52:20.373+0530] {subprocess.py:93} INFO - 25/02/19 20:52:20 INFO BlockManager: BlockManager stopped
[2025-02-19T20:52:20.376+0530] {subprocess.py:93} INFO - 25/02/19 20:52:20 INFO BlockManagerMaster: BlockManagerMaster stopped
[2025-02-19T20:52:20.379+0530] {subprocess.py:93} INFO - 25/02/19 20:52:20 INFO OutputCommitCoordinator$OutputCommitCoordinatorEndpoint: OutputCommitCoordinator stopped!
[2025-02-19T20:52:20.390+0530] {subprocess.py:93} INFO - 25/02/19 20:52:20 INFO SparkContext: Successfully stopped SparkContext
[2025-02-19T20:52:20.390+0530] {subprocess.py:93} INFO - 25/02/19 20:52:20 INFO ShutdownHookManager: Shutdown hook called
[2025-02-19T20:52:20.391+0530] {subprocess.py:93} INFO - 25/02/19 20:52:20 INFO ShutdownHookManager: Deleting directory /tmp/spark-61af10d0-479d-4e70-ac5b-3d86e784ef4a
[2025-02-19T20:52:20.397+0530] {subprocess.py:93} INFO - 25/02/19 20:52:20 INFO ShutdownHookManager: Deleting directory /tmp/spark-647bcdb6-8d1f-4c3c-a8bc-4abdd8c7bc8e/pyspark-73c5ff9a-2c34-4360-8354-8912edad25c6
[2025-02-19T20:52:20.401+0530] {subprocess.py:93} INFO - 25/02/19 20:52:20 INFO ShutdownHookManager: Deleting directory /tmp/spark-647bcdb6-8d1f-4c3c-a8bc-4abdd8c7bc8e
[2025-02-19T20:52:20.494+0530] {subprocess.py:97} INFO - Command exited with return code 1
[2025-02-19T20:52:20.494+0530] {taskinstance.py:441} INFO - ::group::Post task execution logs
[2025-02-19T20:52:20.514+0530] {taskinstance.py:2905} ERROR - Task failed with exception
Traceback (most recent call last):
  File "/home/nitesh/project_1/myenv/lib/python3.10/site-packages/airflow/models/taskinstance.py", line 465, in _execute_task
    result = _execute_callable(context=context, **execute_callable_kwargs)
  File "/home/nitesh/project_1/myenv/lib/python3.10/site-packages/airflow/models/taskinstance.py", line 432, in _execute_callable
    return execute_callable(context=context, **execute_callable_kwargs)
  File "/home/nitesh/project_1/myenv/lib/python3.10/site-packages/airflow/models/baseoperator.py", line 400, in wrapper
    return func(self, *args, **kwargs)
  File "/home/nitesh/project_1/myenv/lib/python3.10/site-packages/airflow/operators/bash.py", line 243, in execute
    raise AirflowException(
airflow.exceptions.AirflowException: Bash command failed. The command returned a non-zero exit code 1.
[2025-02-19T20:52:20.521+0530] {taskinstance.py:1206} INFO - Marking task as UP_FOR_RETRY. dag_id=run_spark_job_bash, task_id=run_spark_job, run_id=scheduled__2025-02-19T15:15:00+00:00, execution_date=20250219T151500, start_date=20250219T152203, end_date=20250219T152220
[2025-02-19T20:52:20.544+0530] {standard_task_runner.py:110} ERROR - Failed to execute job 64 for task run_spark_job (Bash command failed. The command returned a non-zero exit code 1.; 11506)
[2025-02-19T20:52:20.570+0530] {local_task_job_runner.py:240} INFO - Task exited with return code 1
[2025-02-19T20:52:20.596+0530] {taskinstance.py:3498} INFO - 0 downstream tasks scheduled from follow-on schedule check
[2025-02-19T20:52:20.601+0530] {local_task_job_runner.py:222} INFO - ::endgroup::
