[2025-02-19T17:21:42.784+0530] {local_task_job_runner.py:120} INFO - ::group::Pre task execution logs
[2025-02-19T17:21:42.815+0530] {taskinstance.py:2076} INFO - Dependencies all met for dep_context=non-requeueable deps ti=<TaskInstance: run_spark_job_bash.run_spark_job scheduled__2025-02-19T11:45:00+00:00 [queued]>
[2025-02-19T17:21:42.825+0530] {taskinstance.py:2076} INFO - Dependencies all met for dep_context=requeueable deps ti=<TaskInstance: run_spark_job_bash.run_spark_job scheduled__2025-02-19T11:45:00+00:00 [queued]>
[2025-02-19T17:21:42.825+0530] {taskinstance.py:2306} INFO - Starting attempt 1 of 2
[2025-02-19T17:21:42.842+0530] {taskinstance.py:2330} INFO - Executing <Task(BashOperator): run_spark_job> on 2025-02-19 11:45:00+00:00
[2025-02-19T17:21:42.846+0530] {standard_task_runner.py:63} INFO - Started process 53344 to run task
[2025-02-19T17:21:42.851+0530] {standard_task_runner.py:90} INFO - Running: ['airflow', 'tasks', 'run', 'run_spark_job_bash', 'run_spark_job', 'scheduled__2025-02-19T11:45:00+00:00', '--job-id', '58', '--raw', '--subdir', 'DAGS_FOLDER/testdag.py', '--cfg-path', '/tmp/tmp6gxtw8op']
[2025-02-19T17:21:42.852+0530] {standard_task_runner.py:91} INFO - Job 58: Subtask run_spark_job
[2025-02-19T17:21:43.009+0530] {task_command.py:426} INFO - Running <TaskInstance: run_spark_job_bash.run_spark_job scheduled__2025-02-19T11:45:00+00:00 [running]> on host Nitesh.
[2025-02-19T17:21:43.281+0530] {taskinstance.py:2648} INFO - Exporting env vars: AIRFLOW_CTX_DAG_OWNER='airflow' AIRFLOW_CTX_DAG_ID='run_spark_job_bash' AIRFLOW_CTX_TASK_ID='run_spark_job' AIRFLOW_CTX_EXECUTION_DATE='2025-02-19T11:45:00+00:00' AIRFLOW_CTX_TRY_NUMBER='1' AIRFLOW_CTX_DAG_RUN_ID='scheduled__2025-02-19T11:45:00+00:00'
[2025-02-19T17:21:43.282+0530] {taskinstance.py:430} INFO - ::endgroup::
[2025-02-19T17:21:43.282+0530] {subprocess.py:63} INFO - Tmp dir root location: /tmp
[2025-02-19T17:21:43.283+0530] {subprocess.py:75} INFO - Running command: ['/usr/bin/bash', '-c', 'spark-submit /home/nitesh/project_1/youtube_project/spark_jobs/testjob.py']
[2025-02-19T17:21:43.290+0530] {subprocess.py:86} INFO - Output:
[2025-02-19T17:21:45.159+0530] {subprocess.py:93} INFO - 25/02/19 17:21:45 WARN Utils: Your hostname, Nitesh resolves to a loopback address: 127.0.1.1; using 10.255.255.254 instead (on interface lo)
[2025-02-19T17:21:45.161+0530] {subprocess.py:93} INFO - 25/02/19 17:21:45 WARN Utils: Set SPARK_LOCAL_IP if you need to bind to another address
[2025-02-19T17:21:47.110+0530] {subprocess.py:93} INFO - 25/02/19 17:21:47 INFO SparkContext: Running Spark version 3.5.4
[2025-02-19T17:21:47.111+0530] {subprocess.py:93} INFO - 25/02/19 17:21:47 INFO SparkContext: OS info Linux, 5.15.167.4-microsoft-standard-WSL2, amd64
[2025-02-19T17:21:47.111+0530] {subprocess.py:93} INFO - 25/02/19 17:21:47 INFO SparkContext: Java version 11.0.26
[2025-02-19T17:21:47.212+0530] {subprocess.py:93} INFO - 25/02/19 17:21:47 WARN NativeCodeLoader: Unable to load native-hadoop library for your platform... using builtin-java classes where applicable
[2025-02-19T17:21:47.309+0530] {subprocess.py:93} INFO - 25/02/19 17:21:47 INFO ResourceUtils: ==============================================================
[2025-02-19T17:21:47.309+0530] {subprocess.py:93} INFO - 25/02/19 17:21:47 INFO ResourceUtils: No custom resources configured for spark.driver.
[2025-02-19T17:21:47.309+0530] {subprocess.py:93} INFO - 25/02/19 17:21:47 INFO ResourceUtils: ==============================================================
[2025-02-19T17:21:47.310+0530] {subprocess.py:93} INFO - 25/02/19 17:21:47 INFO SparkContext: Submitted application: Django-PySpark-Connection
[2025-02-19T17:21:47.335+0530] {subprocess.py:93} INFO - 25/02/19 17:21:47 INFO ResourceProfile: Default ResourceProfile created, executor resources: Map(cores -> name: cores, amount: 1, script: , vendor: , memory -> name: memory, amount: 1024, script: , vendor: , offHeap -> name: offHeap, amount: 0, script: , vendor: ), task resources: Map(cpus -> name: cpus, amount: 1.0)
[2025-02-19T17:21:47.347+0530] {subprocess.py:93} INFO - 25/02/19 17:21:47 INFO ResourceProfile: Limiting resource is cpu
[2025-02-19T17:21:47.348+0530] {subprocess.py:93} INFO - 25/02/19 17:21:47 INFO ResourceProfileManager: Added ResourceProfile id: 0
[2025-02-19T17:21:47.411+0530] {subprocess.py:93} INFO - 25/02/19 17:21:47 INFO SecurityManager: Changing view acls to: nitesh
[2025-02-19T17:21:47.412+0530] {subprocess.py:93} INFO - 25/02/19 17:21:47 INFO SecurityManager: Changing modify acls to: nitesh
[2025-02-19T17:21:47.413+0530] {subprocess.py:93} INFO - 25/02/19 17:21:47 INFO SecurityManager: Changing view acls groups to:
[2025-02-19T17:21:47.414+0530] {subprocess.py:93} INFO - 25/02/19 17:21:47 INFO SecurityManager: Changing modify acls groups to:
[2025-02-19T17:21:47.414+0530] {subprocess.py:93} INFO - 25/02/19 17:21:47 INFO SecurityManager: SecurityManager: authentication disabled; ui acls disabled; users with view permissions: nitesh; groups with view permissions: EMPTY; users with modify permissions: nitesh; groups with modify permissions: EMPTY
[2025-02-19T17:21:47.742+0530] {subprocess.py:93} INFO - 25/02/19 17:21:47 INFO Utils: Successfully started service 'sparkDriver' on port 35657.
[2025-02-19T17:21:47.776+0530] {subprocess.py:93} INFO - 25/02/19 17:21:47 INFO SparkEnv: Registering MapOutputTracker
[2025-02-19T17:21:47.816+0530] {subprocess.py:93} INFO - 25/02/19 17:21:47 INFO SparkEnv: Registering BlockManagerMaster
[2025-02-19T17:21:47.836+0530] {subprocess.py:93} INFO - 25/02/19 17:21:47 INFO BlockManagerMasterEndpoint: Using org.apache.spark.storage.DefaultTopologyMapper for getting topology information
[2025-02-19T17:21:47.837+0530] {subprocess.py:93} INFO - 25/02/19 17:21:47 INFO BlockManagerMasterEndpoint: BlockManagerMasterEndpoint up
[2025-02-19T17:21:47.843+0530] {subprocess.py:93} INFO - 25/02/19 17:21:47 INFO SparkEnv: Registering BlockManagerMasterHeartbeat
[2025-02-19T17:21:47.867+0530] {subprocess.py:93} INFO - 25/02/19 17:21:47 INFO DiskBlockManager: Created local directory at /tmp/blockmgr-adf1d83d-a1b7-42dd-a166-5c803fd07d63
[2025-02-19T17:21:47.884+0530] {subprocess.py:93} INFO - 25/02/19 17:21:47 INFO MemoryStore: MemoryStore started with capacity 434.4 MiB
[2025-02-19T17:21:47.901+0530] {subprocess.py:93} INFO - 25/02/19 17:21:47 INFO SparkEnv: Registering OutputCommitCoordinator
[2025-02-19T17:21:48.096+0530] {subprocess.py:93} INFO - 25/02/19 17:21:48 INFO JettyUtils: Start Jetty 0.0.0.0:4040 for SparkUI
[2025-02-19T17:21:48.169+0530] {subprocess.py:93} INFO - 25/02/19 17:21:48 INFO Utils: Successfully started service 'SparkUI' on port 4040.
[2025-02-19T17:21:48.248+0530] {subprocess.py:93} INFO - 25/02/19 17:21:48 INFO SparkContext: Added JAR /mnt/c/spark/spark-3.5.2-bin-hadoop3/jars/postgresql-42.7.5.jar at spark://10.255.255.254:35657/jars/postgresql-42.7.5.jar with timestamp 1739965907088
[2025-02-19T17:21:48.323+0530] {subprocess.py:93} INFO - 25/02/19 17:21:48 INFO Executor: Starting executor ID driver on host 10.255.255.254
[2025-02-19T17:21:48.323+0530] {subprocess.py:93} INFO - 25/02/19 17:21:48 INFO Executor: OS info Linux, 5.15.167.4-microsoft-standard-WSL2, amd64
[2025-02-19T17:21:48.323+0530] {subprocess.py:93} INFO - 25/02/19 17:21:48 INFO Executor: Java version 11.0.26
[2025-02-19T17:21:48.331+0530] {subprocess.py:93} INFO - 25/02/19 17:21:48 INFO Executor: Starting executor with user classpath (userClassPathFirst = false): ''
[2025-02-19T17:21:48.332+0530] {subprocess.py:93} INFO - 25/02/19 17:21:48 INFO Executor: Created or updated repl class loader org.apache.spark.util.MutableURLClassLoader@6be3bf2a for default.
[2025-02-19T17:21:48.345+0530] {subprocess.py:93} INFO - 25/02/19 17:21:48 INFO Executor: Fetching spark://10.255.255.254:35657/jars/postgresql-42.7.5.jar with timestamp 1739965907088
[2025-02-19T17:21:48.407+0530] {subprocess.py:93} INFO - 25/02/19 17:21:48 INFO TransportClientFactory: Successfully created connection to /10.255.255.254:35657 after 32 ms (0 ms spent in bootstraps)
[2025-02-19T17:21:48.416+0530] {subprocess.py:93} INFO - 25/02/19 17:21:48 INFO Utils: Fetching spark://10.255.255.254:35657/jars/postgresql-42.7.5.jar to /tmp/spark-1d8cc228-e446-40b6-9c58-a511f682f36e/userFiles-0c8eb96a-9de0-4c31-938b-2c4b7f96b52e/fetchFileTemp15488588357908622746.tmp
[2025-02-19T17:21:48.481+0530] {subprocess.py:93} INFO - 25/02/19 17:21:48 INFO Executor: Adding file:/tmp/spark-1d8cc228-e446-40b6-9c58-a511f682f36e/userFiles-0c8eb96a-9de0-4c31-938b-2c4b7f96b52e/postgresql-42.7.5.jar to class loader default
[2025-02-19T17:21:48.491+0530] {subprocess.py:93} INFO - 25/02/19 17:21:48 INFO Utils: Successfully started service 'org.apache.spark.network.netty.NettyBlockTransferService' on port 42567.
[2025-02-19T17:21:48.491+0530] {subprocess.py:93} INFO - 25/02/19 17:21:48 INFO NettyBlockTransferService: Server created on 10.255.255.254:42567
[2025-02-19T17:21:48.493+0530] {subprocess.py:93} INFO - 25/02/19 17:21:48 INFO BlockManager: Using org.apache.spark.storage.RandomBlockReplicationPolicy for block replication policy
[2025-02-19T17:21:48.498+0530] {subprocess.py:93} INFO - 25/02/19 17:21:48 INFO BlockManagerMaster: Registering BlockManager BlockManagerId(driver, 10.255.255.254, 42567, None)
[2025-02-19T17:21:48.501+0530] {subprocess.py:93} INFO - 25/02/19 17:21:48 INFO BlockManagerMasterEndpoint: Registering block manager 10.255.255.254:42567 with 434.4 MiB RAM, BlockManagerId(driver, 10.255.255.254, 42567, None)
[2025-02-19T17:21:48.504+0530] {subprocess.py:93} INFO - 25/02/19 17:21:48 INFO BlockManagerMaster: Registered BlockManager BlockManagerId(driver, 10.255.255.254, 42567, None)
[2025-02-19T17:21:48.505+0530] {subprocess.py:93} INFO - 25/02/19 17:21:48 INFO BlockManager: Initialized BlockManager: BlockManagerId(driver, 10.255.255.254, 42567, None)
[2025-02-19T17:21:48.979+0530] {subprocess.py:93} INFO - 25/02/19 17:21:48 INFO SharedState: Setting hive.metastore.warehouse.dir ('null') to the value of spark.sql.warehouse.dir.
[2025-02-19T17:21:48.988+0530] {subprocess.py:93} INFO - 25/02/19 17:21:48 INFO SharedState: Warehouse path is 'file:/tmp/airflowtmpphaj5b1m/spark-warehouse'.
[2025-02-19T17:21:50.053+0530] {subprocess.py:93} INFO - Traceback (most recent call last):
[2025-02-19T17:21:50.053+0530] {subprocess.py:93} INFO -   File "/home/nitesh/project_1/youtube_project/spark_jobs/testjob.py", line 114, in <module>
[2025-02-19T17:21:50.053+0530] {subprocess.py:93} INFO -     main()
[2025-02-19T17:21:50.054+0530] {subprocess.py:93} INFO -   File "/home/nitesh/project_1/youtube_project/spark_jobs/testjob.py", line 25, in main
[2025-02-19T17:21:50.054+0530] {subprocess.py:93} INFO -     .load()
[2025-02-19T17:21:50.054+0530] {subprocess.py:93} INFO -   File "/home/nitesh/project_1/myenv/lib/python3.10/site-packages/pyspark/python/lib/pyspark.zip/pyspark/sql/readwriter.py", line 314, in load
[2025-02-19T17:21:50.055+0530] {subprocess.py:93} INFO -   File "/home/nitesh/project_1/myenv/lib/python3.10/site-packages/pyspark/python/lib/py4j-0.10.9.7-src.zip/py4j/java_gateway.py", line 1322, in __call__
[2025-02-19T17:21:50.055+0530] {subprocess.py:93} INFO -   File "/home/nitesh/project_1/myenv/lib/python3.10/site-packages/pyspark/python/lib/pyspark.zip/pyspark/errors/exceptions/captured.py", line 179, in deco
[2025-02-19T17:21:50.055+0530] {subprocess.py:93} INFO -   File "/home/nitesh/project_1/myenv/lib/python3.10/site-packages/pyspark/python/lib/py4j-0.10.9.7-src.zip/py4j/protocol.py", line 326, in get_return_value
[2025-02-19T17:21:50.055+0530] {subprocess.py:93} INFO - py4j.protocol.Py4JJavaError: An error occurred while calling o34.load.
[2025-02-19T17:21:50.055+0530] {subprocess.py:93} INFO - : java.lang.ClassNotFoundException: org.postgresql.Driver
[2025-02-19T17:21:50.055+0530] {subprocess.py:93} INFO - 	at java.base/java.net.URLClassLoader.findClass(URLClassLoader.java:476)
[2025-02-19T17:21:50.056+0530] {subprocess.py:93} INFO - 	at java.base/java.lang.ClassLoader.loadClass(ClassLoader.java:594)
[2025-02-19T17:21:50.056+0530] {subprocess.py:93} INFO - 	at java.base/java.lang.ClassLoader.loadClass(ClassLoader.java:527)
[2025-02-19T17:21:50.056+0530] {subprocess.py:93} INFO - 	at org.apache.spark.sql.execution.datasources.jdbc.DriverRegistry$.register(DriverRegistry.scala:46)
[2025-02-19T17:21:50.056+0530] {subprocess.py:93} INFO - 	at org.apache.spark.sql.execution.datasources.jdbc.JDBCOptions.$anonfun$driverClass$1(JDBCOptions.scala:103)
[2025-02-19T17:21:50.056+0530] {subprocess.py:93} INFO - 	at org.apache.spark.sql.execution.datasources.jdbc.JDBCOptions.$anonfun$driverClass$1$adapted(JDBCOptions.scala:103)
[2025-02-19T17:21:50.056+0530] {subprocess.py:93} INFO - 	at scala.Option.foreach(Option.scala:407)
[2025-02-19T17:21:50.056+0530] {subprocess.py:93} INFO - 	at org.apache.spark.sql.execution.datasources.jdbc.JDBCOptions.<init>(JDBCOptions.scala:103)
[2025-02-19T17:21:50.057+0530] {subprocess.py:93} INFO - 	at org.apache.spark.sql.execution.datasources.jdbc.JDBCOptions.<init>(JDBCOptions.scala:41)
[2025-02-19T17:21:50.057+0530] {subprocess.py:93} INFO - 	at org.apache.spark.sql.execution.datasources.jdbc.JdbcRelationProvider.createRelation(JdbcRelationProvider.scala:34)
[2025-02-19T17:21:50.057+0530] {subprocess.py:93} INFO - 	at org.apache.spark.sql.execution.datasources.DataSource.resolveRelation(DataSource.scala:346)
[2025-02-19T17:21:50.057+0530] {subprocess.py:93} INFO - 	at org.apache.spark.sql.DataFrameReader.loadV1Source(DataFrameReader.scala:229)
[2025-02-19T17:21:50.057+0530] {subprocess.py:93} INFO - 	at org.apache.spark.sql.DataFrameReader.$anonfun$load$2(DataFrameReader.scala:211)
[2025-02-19T17:21:50.057+0530] {subprocess.py:93} INFO - 	at scala.Option.getOrElse(Option.scala:189)
[2025-02-19T17:21:50.057+0530] {subprocess.py:93} INFO - 	at org.apache.spark.sql.DataFrameReader.load(DataFrameReader.scala:211)
[2025-02-19T17:21:50.058+0530] {subprocess.py:93} INFO - 	at org.apache.spark.sql.DataFrameReader.load(DataFrameReader.scala:172)
[2025-02-19T17:21:50.058+0530] {subprocess.py:93} INFO - 	at java.base/jdk.internal.reflect.NativeMethodAccessorImpl.invoke0(Native Method)
[2025-02-19T17:21:50.058+0530] {subprocess.py:93} INFO - 	at java.base/jdk.internal.reflect.NativeMethodAccessorImpl.invoke(NativeMethodAccessorImpl.java:62)
[2025-02-19T17:21:50.058+0530] {subprocess.py:93} INFO - 	at java.base/jdk.internal.reflect.DelegatingMethodAccessorImpl.invoke(DelegatingMethodAccessorImpl.java:43)
[2025-02-19T17:21:50.058+0530] {subprocess.py:93} INFO - 	at java.base/java.lang.reflect.Method.invoke(Method.java:566)
[2025-02-19T17:21:50.058+0530] {subprocess.py:93} INFO - 	at py4j.reflection.MethodInvoker.invoke(MethodInvoker.java:244)
[2025-02-19T17:21:50.058+0530] {subprocess.py:93} INFO - 	at py4j.reflection.ReflectionEngine.invoke(ReflectionEngine.java:374)
[2025-02-19T17:21:50.058+0530] {subprocess.py:93} INFO - 	at py4j.Gateway.invoke(Gateway.java:282)
[2025-02-19T17:21:50.058+0530] {subprocess.py:93} INFO - 	at py4j.commands.AbstractCommand.invokeMethod(AbstractCommand.java:132)
[2025-02-19T17:21:50.058+0530] {subprocess.py:93} INFO - 	at py4j.commands.CallCommand.execute(CallCommand.java:79)
[2025-02-19T17:21:50.059+0530] {subprocess.py:93} INFO - 	at py4j.ClientServerConnection.waitForCommands(ClientServerConnection.java:182)
[2025-02-19T17:21:50.059+0530] {subprocess.py:93} INFO - 	at py4j.ClientServerConnection.run(ClientServerConnection.java:106)
[2025-02-19T17:21:50.059+0530] {subprocess.py:93} INFO - 	at java.base/java.lang.Thread.run(Thread.java:829)
[2025-02-19T17:21:50.059+0530] {subprocess.py:93} INFO - 
[2025-02-19T17:21:50.163+0530] {subprocess.py:93} INFO - 25/02/19 17:21:50 INFO SparkContext: Invoking stop() from shutdown hook
[2025-02-19T17:21:50.164+0530] {subprocess.py:93} INFO - 25/02/19 17:21:50 INFO SparkContext: SparkContext is stopping with exitCode 0.
[2025-02-19T17:21:50.184+0530] {subprocess.py:93} INFO - 25/02/19 17:21:50 INFO SparkUI: Stopped Spark web UI at http://10.255.255.254:4040
[2025-02-19T17:21:50.206+0530] {subprocess.py:93} INFO - 25/02/19 17:21:50 INFO MapOutputTrackerMasterEndpoint: MapOutputTrackerMasterEndpoint stopped!
[2025-02-19T17:21:50.226+0530] {subprocess.py:93} INFO - 25/02/19 17:21:50 INFO MemoryStore: MemoryStore cleared
[2025-02-19T17:21:50.226+0530] {subprocess.py:93} INFO - 25/02/19 17:21:50 INFO BlockManager: BlockManager stopped
[2025-02-19T17:21:50.233+0530] {subprocess.py:93} INFO - 25/02/19 17:21:50 INFO BlockManagerMaster: BlockManagerMaster stopped
[2025-02-19T17:21:50.237+0530] {subprocess.py:93} INFO - 25/02/19 17:21:50 INFO OutputCommitCoordinator$OutputCommitCoordinatorEndpoint: OutputCommitCoordinator stopped!
[2025-02-19T17:21:50.247+0530] {subprocess.py:93} INFO - 25/02/19 17:21:50 INFO SparkContext: Successfully stopped SparkContext
[2025-02-19T17:21:50.247+0530] {subprocess.py:93} INFO - 25/02/19 17:21:50 INFO ShutdownHookManager: Shutdown hook called
[2025-02-19T17:21:50.248+0530] {subprocess.py:93} INFO - 25/02/19 17:21:50 INFO ShutdownHookManager: Deleting directory /tmp/spark-1d8cc228-e446-40b6-9c58-a511f682f36e
[2025-02-19T17:21:50.251+0530] {subprocess.py:93} INFO - 25/02/19 17:21:50 INFO ShutdownHookManager: Deleting directory /tmp/spark-67cb928a-761e-4f38-9fc1-a02474ba95d9
[2025-02-19T17:21:50.253+0530] {subprocess.py:93} INFO - 25/02/19 17:21:50 INFO ShutdownHookManager: Deleting directory /tmp/spark-1d8cc228-e446-40b6-9c58-a511f682f36e/pyspark-59c077e4-36e6-4455-898b-854655c92b04
[2025-02-19T17:21:50.292+0530] {subprocess.py:97} INFO - Command exited with return code 1
[2025-02-19T17:21:50.293+0530] {taskinstance.py:441} INFO - ::group::Post task execution logs
[2025-02-19T17:21:50.315+0530] {taskinstance.py:2905} ERROR - Task failed with exception
Traceback (most recent call last):
  File "/home/nitesh/project_1/myenv/lib/python3.10/site-packages/airflow/models/taskinstance.py", line 465, in _execute_task
    result = _execute_callable(context=context, **execute_callable_kwargs)
  File "/home/nitesh/project_1/myenv/lib/python3.10/site-packages/airflow/models/taskinstance.py", line 432, in _execute_callable
    return execute_callable(context=context, **execute_callable_kwargs)
  File "/home/nitesh/project_1/myenv/lib/python3.10/site-packages/airflow/models/baseoperator.py", line 400, in wrapper
    return func(self, *args, **kwargs)
  File "/home/nitesh/project_1/myenv/lib/python3.10/site-packages/airflow/operators/bash.py", line 243, in execute
    raise AirflowException(
airflow.exceptions.AirflowException: Bash command failed. The command returned a non-zero exit code 1.
[2025-02-19T17:21:50.321+0530] {taskinstance.py:1206} INFO - Marking task as UP_FOR_RETRY. dag_id=run_spark_job_bash, task_id=run_spark_job, run_id=scheduled__2025-02-19T11:45:00+00:00, execution_date=20250219T114500, start_date=20250219T115142, end_date=20250219T115150
[2025-02-19T17:21:50.343+0530] {standard_task_runner.py:110} ERROR - Failed to execute job 58 for task run_spark_job (Bash command failed. The command returned a non-zero exit code 1.; 53344)
[2025-02-19T17:21:50.388+0530] {local_task_job_runner.py:240} INFO - Task exited with return code 1
[2025-02-19T17:21:50.421+0530] {taskinstance.py:3498} INFO - 0 downstream tasks scheduled from follow-on schedule check
[2025-02-19T17:21:50.426+0530] {local_task_job_runner.py:222} INFO - ::endgroup::
[2025-02-19T17:24:32.757+0530] {local_task_job_runner.py:120} INFO - ::group::Pre task execution logs
[2025-02-19T17:24:32.795+0530] {taskinstance.py:2076} INFO - Dependencies all met for dep_context=non-requeueable deps ti=<TaskInstance: run_spark_job_bash.run_spark_job scheduled__2025-02-19T11:45:00+00:00 [queued]>
[2025-02-19T17:24:32.808+0530] {taskinstance.py:2076} INFO - Dependencies all met for dep_context=requeueable deps ti=<TaskInstance: run_spark_job_bash.run_spark_job scheduled__2025-02-19T11:45:00+00:00 [queued]>
[2025-02-19T17:24:32.808+0530] {taskinstance.py:2306} INFO - Starting attempt 1 of 2
[2025-02-19T17:24:32.824+0530] {taskinstance.py:2330} INFO - Executing <Task(BashOperator): run_spark_job> on 2025-02-19 11:45:00+00:00
[2025-02-19T17:24:32.827+0530] {standard_task_runner.py:63} INFO - Started process 54287 to run task
[2025-02-19T17:24:32.832+0530] {standard_task_runner.py:90} INFO - Running: ['airflow', 'tasks', 'run', 'run_spark_job_bash', 'run_spark_job', 'scheduled__2025-02-19T11:45:00+00:00', '--job-id', '59', '--raw', '--subdir', 'DAGS_FOLDER/testdag.py', '--cfg-path', '/tmp/tmpegp10zp2']
[2025-02-19T17:24:32.833+0530] {standard_task_runner.py:91} INFO - Job 59: Subtask run_spark_job
[2025-02-19T17:24:32.929+0530] {task_command.py:426} INFO - Running <TaskInstance: run_spark_job_bash.run_spark_job scheduled__2025-02-19T11:45:00+00:00 [running]> on host Nitesh.
[2025-02-19T17:24:33.211+0530] {taskinstance.py:2648} INFO - Exporting env vars: AIRFLOW_CTX_DAG_OWNER='airflow' AIRFLOW_CTX_DAG_ID='run_spark_job_bash' AIRFLOW_CTX_TASK_ID='run_spark_job' AIRFLOW_CTX_EXECUTION_DATE='2025-02-19T11:45:00+00:00' AIRFLOW_CTX_TRY_NUMBER='1' AIRFLOW_CTX_DAG_RUN_ID='scheduled__2025-02-19T11:45:00+00:00'
[2025-02-19T17:24:33.212+0530] {taskinstance.py:430} INFO - ::endgroup::
[2025-02-19T17:24:33.212+0530] {subprocess.py:63} INFO - Tmp dir root location: /tmp
[2025-02-19T17:24:33.213+0530] {subprocess.py:75} INFO - Running command: ['/usr/bin/bash', '-c', 'spark-submit /home/nitesh/project_1/youtube_project/spark_jobs/testjob.py']
[2025-02-19T17:24:33.219+0530] {subprocess.py:86} INFO - Output:
[2025-02-19T17:24:35.131+0530] {subprocess.py:93} INFO - 25/02/19 17:24:35 WARN Utils: Your hostname, Nitesh resolves to a loopback address: 127.0.1.1; using 10.255.255.254 instead (on interface lo)
[2025-02-19T17:24:35.134+0530] {subprocess.py:93} INFO - 25/02/19 17:24:35 WARN Utils: Set SPARK_LOCAL_IP if you need to bind to another address
[2025-02-19T17:24:36.941+0530] {subprocess.py:93} INFO - 25/02/19 17:24:36 INFO SparkContext: Running Spark version 3.5.4
[2025-02-19T17:24:36.942+0530] {subprocess.py:93} INFO - 25/02/19 17:24:36 INFO SparkContext: OS info Linux, 5.15.167.4-microsoft-standard-WSL2, amd64
[2025-02-19T17:24:36.944+0530] {subprocess.py:93} INFO - 25/02/19 17:24:36 INFO SparkContext: Java version 11.0.26
[2025-02-19T17:24:37.039+0530] {subprocess.py:93} INFO - 25/02/19 17:24:37 WARN NativeCodeLoader: Unable to load native-hadoop library for your platform... using builtin-java classes where applicable
[2025-02-19T17:24:37.169+0530] {subprocess.py:93} INFO - 25/02/19 17:24:37 INFO ResourceUtils: ==============================================================
[2025-02-19T17:24:37.169+0530] {subprocess.py:93} INFO - 25/02/19 17:24:37 INFO ResourceUtils: No custom resources configured for spark.driver.
[2025-02-19T17:24:37.171+0530] {subprocess.py:93} INFO - 25/02/19 17:24:37 INFO ResourceUtils: ==============================================================
[2025-02-19T17:24:37.171+0530] {subprocess.py:93} INFO - 25/02/19 17:24:37 INFO SparkContext: Submitted application: Django-PySpark-Connection
[2025-02-19T17:24:37.202+0530] {subprocess.py:93} INFO - 25/02/19 17:24:37 INFO ResourceProfile: Default ResourceProfile created, executor resources: Map(cores -> name: cores, amount: 1, script: , vendor: , memory -> name: memory, amount: 1024, script: , vendor: , offHeap -> name: offHeap, amount: 0, script: , vendor: ), task resources: Map(cpus -> name: cpus, amount: 1.0)
[2025-02-19T17:24:37.219+0530] {subprocess.py:93} INFO - 25/02/19 17:24:37 INFO ResourceProfile: Limiting resource is cpu
[2025-02-19T17:24:37.220+0530] {subprocess.py:93} INFO - 25/02/19 17:24:37 INFO ResourceProfileManager: Added ResourceProfile id: 0
[2025-02-19T17:24:37.284+0530] {subprocess.py:93} INFO - 25/02/19 17:24:37 INFO SecurityManager: Changing view acls to: nitesh
[2025-02-19T17:24:37.284+0530] {subprocess.py:93} INFO - 25/02/19 17:24:37 INFO SecurityManager: Changing modify acls to: nitesh
[2025-02-19T17:24:37.285+0530] {subprocess.py:93} INFO - 25/02/19 17:24:37 INFO SecurityManager: Changing view acls groups to:
[2025-02-19T17:24:37.285+0530] {subprocess.py:93} INFO - 25/02/19 17:24:37 INFO SecurityManager: Changing modify acls groups to:
[2025-02-19T17:24:37.286+0530] {subprocess.py:93} INFO - 25/02/19 17:24:37 INFO SecurityManager: SecurityManager: authentication disabled; ui acls disabled; users with view permissions: nitesh; groups with view permissions: EMPTY; users with modify permissions: nitesh; groups with modify permissions: EMPTY
[2025-02-19T17:24:37.573+0530] {subprocess.py:93} INFO - 25/02/19 17:24:37 INFO Utils: Successfully started service 'sparkDriver' on port 33133.
[2025-02-19T17:24:37.608+0530] {subprocess.py:93} INFO - 25/02/19 17:24:37 INFO SparkEnv: Registering MapOutputTracker
[2025-02-19T17:24:37.644+0530] {subprocess.py:93} INFO - 25/02/19 17:24:37 INFO SparkEnv: Registering BlockManagerMaster
[2025-02-19T17:24:37.663+0530] {subprocess.py:93} INFO - 25/02/19 17:24:37 INFO BlockManagerMasterEndpoint: Using org.apache.spark.storage.DefaultTopologyMapper for getting topology information
[2025-02-19T17:24:37.664+0530] {subprocess.py:93} INFO - 25/02/19 17:24:37 INFO BlockManagerMasterEndpoint: BlockManagerMasterEndpoint up
[2025-02-19T17:24:37.669+0530] {subprocess.py:93} INFO - 25/02/19 17:24:37 INFO SparkEnv: Registering BlockManagerMasterHeartbeat
[2025-02-19T17:24:37.688+0530] {subprocess.py:93} INFO - 25/02/19 17:24:37 INFO DiskBlockManager: Created local directory at /tmp/blockmgr-0debf496-20ad-4a37-b1f5-27fe3b8a61a6
[2025-02-19T17:24:37.703+0530] {subprocess.py:93} INFO - 25/02/19 17:24:37 INFO MemoryStore: MemoryStore started with capacity 434.4 MiB
[2025-02-19T17:24:37.717+0530] {subprocess.py:93} INFO - 25/02/19 17:24:37 INFO SparkEnv: Registering OutputCommitCoordinator
[2025-02-19T17:24:37.902+0530] {subprocess.py:93} INFO - 25/02/19 17:24:37 INFO JettyUtils: Start Jetty 0.0.0.0:4040 for SparkUI
[2025-02-19T17:24:37.971+0530] {subprocess.py:93} INFO - 25/02/19 17:24:37 INFO Utils: Successfully started service 'SparkUI' on port 4040.
[2025-02-19T17:24:38.036+0530] {subprocess.py:93} INFO - 25/02/19 17:24:38 INFO SparkContext: Added JAR /mnt/c/spark/spark-3.5.2-bin-hadoop3/jars/postgresql-42.7.5.jar at spark://10.255.255.254:33133/jars/postgresql-42.7.5.jar with timestamp 1739966076927
[2025-02-19T17:24:38.105+0530] {subprocess.py:93} INFO - 25/02/19 17:24:38 INFO Executor: Starting executor ID driver on host 10.255.255.254
[2025-02-19T17:24:38.105+0530] {subprocess.py:93} INFO - 25/02/19 17:24:38 INFO Executor: OS info Linux, 5.15.167.4-microsoft-standard-WSL2, amd64
[2025-02-19T17:24:38.105+0530] {subprocess.py:93} INFO - 25/02/19 17:24:38 INFO Executor: Java version 11.0.26
[2025-02-19T17:24:38.113+0530] {subprocess.py:93} INFO - 25/02/19 17:24:38 INFO Executor: Starting executor with user classpath (userClassPathFirst = false): 'file:/mnt/c/spark/spark-3.5.2-bin-hadoop3/jars/postgresql-42.7.5.jar,file:/tmp/airflowtmpyyz7ym7f/postgresql-42.7.5.jar'
[2025-02-19T17:24:38.114+0530] {subprocess.py:93} INFO - 25/02/19 17:24:38 INFO Executor: Created or updated repl class loader org.apache.spark.util.MutableURLClassLoader@266d24cb for default.
[2025-02-19T17:24:38.146+0530] {subprocess.py:93} INFO - 25/02/19 17:24:38 INFO Utils: Successfully started service 'org.apache.spark.network.netty.NettyBlockTransferService' on port 44161.
[2025-02-19T17:24:38.146+0530] {subprocess.py:93} INFO - 25/02/19 17:24:38 INFO NettyBlockTransferService: Server created on 10.255.255.254:44161
[2025-02-19T17:24:38.148+0530] {subprocess.py:93} INFO - 25/02/19 17:24:38 INFO BlockManager: Using org.apache.spark.storage.RandomBlockReplicationPolicy for block replication policy
[2025-02-19T17:24:38.154+0530] {subprocess.py:93} INFO - 25/02/19 17:24:38 INFO BlockManagerMaster: Registering BlockManager BlockManagerId(driver, 10.255.255.254, 44161, None)
[2025-02-19T17:24:38.158+0530] {subprocess.py:93} INFO - 25/02/19 17:24:38 INFO BlockManagerMasterEndpoint: Registering block manager 10.255.255.254:44161 with 434.4 MiB RAM, BlockManagerId(driver, 10.255.255.254, 44161, None)
[2025-02-19T17:24:38.161+0530] {subprocess.py:93} INFO - 25/02/19 17:24:38 INFO BlockManagerMaster: Registered BlockManager BlockManagerId(driver, 10.255.255.254, 44161, None)
[2025-02-19T17:24:38.162+0530] {subprocess.py:93} INFO - 25/02/19 17:24:38 INFO BlockManager: Initialized BlockManager: BlockManagerId(driver, 10.255.255.254, 44161, None)
[2025-02-19T17:24:38.720+0530] {subprocess.py:93} INFO - 25/02/19 17:24:38 INFO SharedState: Setting hive.metastore.warehouse.dir ('null') to the value of spark.sql.warehouse.dir.
[2025-02-19T17:24:38.728+0530] {subprocess.py:93} INFO - 25/02/19 17:24:38 INFO SharedState: Warehouse path is 'file:/tmp/airflowtmpyyz7ym7f/spark-warehouse'.
[2025-02-19T17:24:39.738+0530] {subprocess.py:93} INFO - Traceback (most recent call last):
[2025-02-19T17:24:39.739+0530] {subprocess.py:93} INFO -   File "/home/nitesh/project_1/youtube_project/spark_jobs/testjob.py", line 120, in <module>
[2025-02-19T17:24:39.739+0530] {subprocess.py:93} INFO -     main()
[2025-02-19T17:24:39.739+0530] {subprocess.py:93} INFO -   File "/home/nitesh/project_1/youtube_project/spark_jobs/testjob.py", line 31, in main
[2025-02-19T17:24:39.739+0530] {subprocess.py:93} INFO -     .load()
[2025-02-19T17:24:39.739+0530] {subprocess.py:93} INFO -   File "/home/nitesh/project_1/myenv/lib/python3.10/site-packages/pyspark/python/lib/pyspark.zip/pyspark/sql/readwriter.py", line 314, in load
[2025-02-19T17:24:39.739+0530] {subprocess.py:93} INFO -   File "/home/nitesh/project_1/myenv/lib/python3.10/site-packages/pyspark/python/lib/py4j-0.10.9.7-src.zip/py4j/java_gateway.py", line 1322, in __call__
[2025-02-19T17:24:39.739+0530] {subprocess.py:93} INFO -   File "/home/nitesh/project_1/myenv/lib/python3.10/site-packages/pyspark/python/lib/pyspark.zip/pyspark/errors/exceptions/captured.py", line 179, in deco
[2025-02-19T17:24:39.739+0530] {subprocess.py:93} INFO -   File "/home/nitesh/project_1/myenv/lib/python3.10/site-packages/pyspark/python/lib/py4j-0.10.9.7-src.zip/py4j/protocol.py", line 326, in get_return_value
[2025-02-19T17:24:39.739+0530] {subprocess.py:93} INFO - py4j.protocol.Py4JJavaError: An error occurred while calling o36.load.
[2025-02-19T17:24:39.739+0530] {subprocess.py:93} INFO - : java.lang.ClassNotFoundException: org.postgresql.Driver
[2025-02-19T17:24:39.739+0530] {subprocess.py:93} INFO - 	at java.base/java.net.URLClassLoader.findClass(URLClassLoader.java:476)
[2025-02-19T17:24:39.739+0530] {subprocess.py:93} INFO - 	at java.base/java.lang.ClassLoader.loadClass(ClassLoader.java:594)
[2025-02-19T17:24:39.739+0530] {subprocess.py:93} INFO - 	at java.base/java.lang.ClassLoader.loadClass(ClassLoader.java:527)
[2025-02-19T17:24:39.739+0530] {subprocess.py:93} INFO - 	at org.apache.spark.sql.execution.datasources.jdbc.DriverRegistry$.register(DriverRegistry.scala:46)
[2025-02-19T17:24:39.740+0530] {subprocess.py:93} INFO - 	at org.apache.spark.sql.execution.datasources.jdbc.JDBCOptions.$anonfun$driverClass$1(JDBCOptions.scala:103)
[2025-02-19T17:24:39.740+0530] {subprocess.py:93} INFO - 	at org.apache.spark.sql.execution.datasources.jdbc.JDBCOptions.$anonfun$driverClass$1$adapted(JDBCOptions.scala:103)
[2025-02-19T17:24:39.740+0530] {subprocess.py:93} INFO - 	at scala.Option.foreach(Option.scala:407)
[2025-02-19T17:24:39.740+0530] {subprocess.py:93} INFO - 	at org.apache.spark.sql.execution.datasources.jdbc.JDBCOptions.<init>(JDBCOptions.scala:103)
[2025-02-19T17:24:39.740+0530] {subprocess.py:93} INFO - 	at org.apache.spark.sql.execution.datasources.jdbc.JDBCOptions.<init>(JDBCOptions.scala:41)
[2025-02-19T17:24:39.740+0530] {subprocess.py:93} INFO - 	at org.apache.spark.sql.execution.datasources.jdbc.JdbcRelationProvider.createRelation(JdbcRelationProvider.scala:34)
[2025-02-19T17:24:39.740+0530] {subprocess.py:93} INFO - 	at org.apache.spark.sql.execution.datasources.DataSource.resolveRelation(DataSource.scala:346)
[2025-02-19T17:24:39.740+0530] {subprocess.py:93} INFO - 	at org.apache.spark.sql.DataFrameReader.loadV1Source(DataFrameReader.scala:229)
[2025-02-19T17:24:39.740+0530] {subprocess.py:93} INFO - 	at org.apache.spark.sql.DataFrameReader.$anonfun$load$2(DataFrameReader.scala:211)
[2025-02-19T17:24:39.740+0530] {subprocess.py:93} INFO - 	at scala.Option.getOrElse(Option.scala:189)
[2025-02-19T17:24:39.740+0530] {subprocess.py:93} INFO - 	at org.apache.spark.sql.DataFrameReader.load(DataFrameReader.scala:211)
[2025-02-19T17:24:39.740+0530] {subprocess.py:93} INFO - 	at org.apache.spark.sql.DataFrameReader.load(DataFrameReader.scala:172)
[2025-02-19T17:24:39.740+0530] {subprocess.py:93} INFO - 	at java.base/jdk.internal.reflect.NativeMethodAccessorImpl.invoke0(Native Method)
[2025-02-19T17:24:39.740+0530] {subprocess.py:93} INFO - 	at java.base/jdk.internal.reflect.NativeMethodAccessorImpl.invoke(NativeMethodAccessorImpl.java:62)
[2025-02-19T17:24:39.741+0530] {subprocess.py:93} INFO - 	at java.base/jdk.internal.reflect.DelegatingMethodAccessorImpl.invoke(DelegatingMethodAccessorImpl.java:43)
[2025-02-19T17:24:39.741+0530] {subprocess.py:93} INFO - 	at java.base/java.lang.reflect.Method.invoke(Method.java:566)
[2025-02-19T17:24:39.741+0530] {subprocess.py:93} INFO - 	at py4j.reflection.MethodInvoker.invoke(MethodInvoker.java:244)
[2025-02-19T17:24:39.741+0530] {subprocess.py:93} INFO - 	at py4j.reflection.ReflectionEngine.invoke(ReflectionEngine.java:374)
[2025-02-19T17:24:39.741+0530] {subprocess.py:93} INFO - 	at py4j.Gateway.invoke(Gateway.java:282)
[2025-02-19T17:24:39.741+0530] {subprocess.py:93} INFO - 	at py4j.commands.AbstractCommand.invokeMethod(AbstractCommand.java:132)
[2025-02-19T17:24:39.741+0530] {subprocess.py:93} INFO - 	at py4j.commands.CallCommand.execute(CallCommand.java:79)
[2025-02-19T17:24:39.741+0530] {subprocess.py:93} INFO - 	at py4j.ClientServerConnection.waitForCommands(ClientServerConnection.java:182)
[2025-02-19T17:24:39.741+0530] {subprocess.py:93} INFO - 	at py4j.ClientServerConnection.run(ClientServerConnection.java:106)
[2025-02-19T17:24:39.741+0530] {subprocess.py:93} INFO - 	at java.base/java.lang.Thread.run(Thread.java:829)
[2025-02-19T17:24:39.741+0530] {subprocess.py:93} INFO - 
[2025-02-19T17:24:39.836+0530] {subprocess.py:93} INFO - 25/02/19 17:24:39 INFO SparkContext: Invoking stop() from shutdown hook
[2025-02-19T17:24:39.836+0530] {subprocess.py:93} INFO - 25/02/19 17:24:39 INFO SparkContext: SparkContext is stopping with exitCode 0.
[2025-02-19T17:24:39.846+0530] {subprocess.py:93} INFO - 25/02/19 17:24:39 INFO SparkUI: Stopped Spark web UI at http://10.255.255.254:4040
[2025-02-19T17:24:39.859+0530] {subprocess.py:93} INFO - 25/02/19 17:24:39 INFO MapOutputTrackerMasterEndpoint: MapOutputTrackerMasterEndpoint stopped!
[2025-02-19T17:24:39.871+0530] {subprocess.py:93} INFO - 25/02/19 17:24:39 INFO MemoryStore: MemoryStore cleared
[2025-02-19T17:24:39.872+0530] {subprocess.py:93} INFO - 25/02/19 17:24:39 INFO BlockManager: BlockManager stopped
[2025-02-19T17:24:39.876+0530] {subprocess.py:93} INFO - 25/02/19 17:24:39 INFO BlockManagerMaster: BlockManagerMaster stopped
[2025-02-19T17:24:39.879+0530] {subprocess.py:93} INFO - 25/02/19 17:24:39 INFO OutputCommitCoordinator$OutputCommitCoordinatorEndpoint: OutputCommitCoordinator stopped!
[2025-02-19T17:24:39.885+0530] {subprocess.py:93} INFO - 25/02/19 17:24:39 INFO SparkContext: Successfully stopped SparkContext
[2025-02-19T17:24:39.886+0530] {subprocess.py:93} INFO - 25/02/19 17:24:39 INFO ShutdownHookManager: Shutdown hook called
[2025-02-19T17:24:39.886+0530] {subprocess.py:93} INFO - 25/02/19 17:24:39 INFO ShutdownHookManager: Deleting directory /tmp/spark-e40111b1-24e0-43bd-ba25-94dcfd93ba9e
[2025-02-19T17:24:39.889+0530] {subprocess.py:93} INFO - 25/02/19 17:24:39 INFO ShutdownHookManager: Deleting directory /tmp/spark-dfd0a4d7-77db-418e-9730-d05fd332fad7/pyspark-c49ac9aa-ec47-4710-8363-6698aa16eb7d
[2025-02-19T17:24:39.892+0530] {subprocess.py:93} INFO - 25/02/19 17:24:39 INFO ShutdownHookManager: Deleting directory /tmp/spark-dfd0a4d7-77db-418e-9730-d05fd332fad7
[2025-02-19T17:24:39.919+0530] {subprocess.py:97} INFO - Command exited with return code 1
[2025-02-19T17:24:39.920+0530] {taskinstance.py:441} INFO - ::group::Post task execution logs
[2025-02-19T17:24:39.940+0530] {taskinstance.py:2905} ERROR - Task failed with exception
Traceback (most recent call last):
  File "/home/nitesh/project_1/myenv/lib/python3.10/site-packages/airflow/models/taskinstance.py", line 465, in _execute_task
    result = _execute_callable(context=context, **execute_callable_kwargs)
  File "/home/nitesh/project_1/myenv/lib/python3.10/site-packages/airflow/models/taskinstance.py", line 432, in _execute_callable
    return execute_callable(context=context, **execute_callable_kwargs)
  File "/home/nitesh/project_1/myenv/lib/python3.10/site-packages/airflow/models/baseoperator.py", line 400, in wrapper
    return func(self, *args, **kwargs)
  File "/home/nitesh/project_1/myenv/lib/python3.10/site-packages/airflow/operators/bash.py", line 243, in execute
    raise AirflowException(
airflow.exceptions.AirflowException: Bash command failed. The command returned a non-zero exit code 1.
[2025-02-19T17:24:39.946+0530] {taskinstance.py:1206} INFO - Marking task as UP_FOR_RETRY. dag_id=run_spark_job_bash, task_id=run_spark_job, run_id=scheduled__2025-02-19T11:45:00+00:00, execution_date=20250219T114500, start_date=20250219T115432, end_date=20250219T115439
[2025-02-19T17:24:39.965+0530] {standard_task_runner.py:110} ERROR - Failed to execute job 59 for task run_spark_job (Bash command failed. The command returned a non-zero exit code 1.; 54287)
[2025-02-19T17:24:39.997+0530] {local_task_job_runner.py:240} INFO - Task exited with return code 1
[2025-02-19T17:24:40.020+0530] {taskinstance.py:3498} INFO - 0 downstream tasks scheduled from follow-on schedule check
[2025-02-19T17:24:40.024+0530] {local_task_job_runner.py:222} INFO - ::endgroup::
