[2025-02-19T20:49:47.650+0530] {local_task_job_runner.py:120} INFO - ::group::Pre task execution logs
[2025-02-19T20:49:47.680+0530] {taskinstance.py:2076} INFO - Dependencies all met for dep_context=non-requeueable deps ti=<TaskInstance: run_spark_job_bash.run_spark_job scheduled__2025-02-19T15:10:00+00:00 [queued]>
[2025-02-19T20:49:47.693+0530] {taskinstance.py:2076} INFO - Dependencies all met for dep_context=requeueable deps ti=<TaskInstance: run_spark_job_bash.run_spark_job scheduled__2025-02-19T15:10:00+00:00 [queued]>
[2025-02-19T20:49:47.693+0530] {taskinstance.py:2306} INFO - Starting attempt 1 of 2
[2025-02-19T20:49:47.712+0530] {taskinstance.py:2330} INFO - Executing <Task(BashOperator): run_spark_job> on 2025-02-19 15:10:00+00:00
[2025-02-19T20:49:47.714+0530] {standard_task_runner.py:63} INFO - Started process 10714 to run task
[2025-02-19T20:49:47.718+0530] {standard_task_runner.py:90} INFO - Running: ['airflow', 'tasks', 'run', 'run_spark_job_bash', 'run_spark_job', 'scheduled__2025-02-19T15:10:00+00:00', '--job-id', '63', '--raw', '--subdir', 'DAGS_FOLDER/testdag.py', '--cfg-path', '/tmp/tmpe0rzriln']
[2025-02-19T20:49:47.719+0530] {standard_task_runner.py:91} INFO - Job 63: Subtask run_spark_job
[2025-02-19T20:49:47.813+0530] {task_command.py:426} INFO - Running <TaskInstance: run_spark_job_bash.run_spark_job scheduled__2025-02-19T15:10:00+00:00 [running]> on host Nitesh.
[2025-02-19T20:49:48.008+0530] {taskinstance.py:2648} INFO - Exporting env vars: AIRFLOW_CTX_DAG_OWNER='airflow' AIRFLOW_CTX_DAG_ID='run_spark_job_bash' AIRFLOW_CTX_TASK_ID='run_spark_job' AIRFLOW_CTX_EXECUTION_DATE='2025-02-19T15:10:00+00:00' AIRFLOW_CTX_TRY_NUMBER='1' AIRFLOW_CTX_DAG_RUN_ID='scheduled__2025-02-19T15:10:00+00:00'
[2025-02-19T20:49:48.009+0530] {taskinstance.py:430} INFO - ::endgroup::
[2025-02-19T20:49:48.012+0530] {subprocess.py:63} INFO - Tmp dir root location: /tmp
[2025-02-19T20:49:48.015+0530] {subprocess.py:75} INFO - Running command: ['/usr/bin/bash', '-c', 'spark-submit --jars /mnt/c/spark/spark-3.5.2-bin-hadoop3/jars/postgresql-42.7.5.jar /home/nitesh/project_1/youtube_project/spark_jobs/testjob.py']
[2025-02-19T20:49:48.022+0530] {subprocess.py:86} INFO - Output:
[2025-02-19T20:49:50.220+0530] {subprocess.py:93} INFO - 25/02/19 20:49:50 WARN Utils: Your hostname, Nitesh resolves to a loopback address: 127.0.1.1; using 10.255.255.254 instead (on interface lo)
[2025-02-19T20:49:50.223+0530] {subprocess.py:93} INFO - 25/02/19 20:49:50 WARN Utils: Set SPARK_LOCAL_IP if you need to bind to another address
[2025-02-19T20:49:50.807+0530] {subprocess.py:93} INFO - 25/02/19 20:49:50 WARN NativeCodeLoader: Unable to load native-hadoop library for your platform... using builtin-java classes where applicable
[2025-02-19T20:49:52.610+0530] {subprocess.py:93} INFO - 25/02/19 20:49:52 INFO SparkContext: Running Spark version 3.5.4
[2025-02-19T20:49:52.611+0530] {subprocess.py:93} INFO - 25/02/19 20:49:52 INFO SparkContext: OS info Linux, 5.15.167.4-microsoft-standard-WSL2, amd64
[2025-02-19T20:49:52.611+0530] {subprocess.py:93} INFO - 25/02/19 20:49:52 INFO SparkContext: Java version 11.0.26
[2025-02-19T20:49:52.640+0530] {subprocess.py:93} INFO - 25/02/19 20:49:52 INFO ResourceUtils: ==============================================================
[2025-02-19T20:49:52.641+0530] {subprocess.py:93} INFO - 25/02/19 20:49:52 INFO ResourceUtils: No custom resources configured for spark.driver.
[2025-02-19T20:49:52.641+0530] {subprocess.py:93} INFO - 25/02/19 20:49:52 INFO ResourceUtils: ==============================================================
[2025-02-19T20:49:52.641+0530] {subprocess.py:93} INFO - 25/02/19 20:49:52 INFO SparkContext: Submitted application: Django-PySpark-Connection
[2025-02-19T20:49:52.670+0530] {subprocess.py:93} INFO - 25/02/19 20:49:52 INFO ResourceProfile: Default ResourceProfile created, executor resources: Map(cores -> name: cores, amount: 1, script: , vendor: , memory -> name: memory, amount: 1024, script: , vendor: , offHeap -> name: offHeap, amount: 0, script: , vendor: ), task resources: Map(cpus -> name: cpus, amount: 1.0)
[2025-02-19T20:49:52.682+0530] {subprocess.py:93} INFO - 25/02/19 20:49:52 INFO ResourceProfile: Limiting resource is cpu
[2025-02-19T20:49:52.683+0530] {subprocess.py:93} INFO - 25/02/19 20:49:52 INFO ResourceProfileManager: Added ResourceProfile id: 0
[2025-02-19T20:49:52.746+0530] {subprocess.py:93} INFO - 25/02/19 20:49:52 INFO SecurityManager: Changing view acls to: nitesh
[2025-02-19T20:49:52.747+0530] {subprocess.py:93} INFO - 25/02/19 20:49:52 INFO SecurityManager: Changing modify acls to: nitesh
[2025-02-19T20:49:52.747+0530] {subprocess.py:93} INFO - 25/02/19 20:49:52 INFO SecurityManager: Changing view acls groups to:
[2025-02-19T20:49:52.747+0530] {subprocess.py:93} INFO - 25/02/19 20:49:52 INFO SecurityManager: Changing modify acls groups to:
[2025-02-19T20:49:52.748+0530] {subprocess.py:93} INFO - 25/02/19 20:49:52 INFO SecurityManager: SecurityManager: authentication disabled; ui acls disabled; users with view permissions: nitesh; groups with view permissions: EMPTY; users with modify permissions: nitesh; groups with modify permissions: EMPTY
[2025-02-19T20:49:53.078+0530] {subprocess.py:93} INFO - 25/02/19 20:49:53 INFO Utils: Successfully started service 'sparkDriver' on port 42677.
[2025-02-19T20:49:53.120+0530] {subprocess.py:93} INFO - 25/02/19 20:49:53 INFO SparkEnv: Registering MapOutputTracker
[2025-02-19T20:49:53.166+0530] {subprocess.py:93} INFO - 25/02/19 20:49:53 INFO SparkEnv: Registering BlockManagerMaster
[2025-02-19T20:49:53.188+0530] {subprocess.py:93} INFO - 25/02/19 20:49:53 INFO BlockManagerMasterEndpoint: Using org.apache.spark.storage.DefaultTopologyMapper for getting topology information
[2025-02-19T20:49:53.189+0530] {subprocess.py:93} INFO - 25/02/19 20:49:53 INFO BlockManagerMasterEndpoint: BlockManagerMasterEndpoint up
[2025-02-19T20:49:53.194+0530] {subprocess.py:93} INFO - 25/02/19 20:49:53 INFO SparkEnv: Registering BlockManagerMasterHeartbeat
[2025-02-19T20:49:53.216+0530] {subprocess.py:93} INFO - 25/02/19 20:49:53 INFO DiskBlockManager: Created local directory at /tmp/blockmgr-1636e371-ac79-4683-aa09-1b8de83ed709
[2025-02-19T20:49:53.232+0530] {subprocess.py:93} INFO - 25/02/19 20:49:53 INFO MemoryStore: MemoryStore started with capacity 434.4 MiB
[2025-02-19T20:49:53.248+0530] {subprocess.py:93} INFO - 25/02/19 20:49:53 INFO SparkEnv: Registering OutputCommitCoordinator
[2025-02-19T20:49:53.469+0530] {subprocess.py:93} INFO - 25/02/19 20:49:53 INFO JettyUtils: Start Jetty 0.0.0.0:4040 for SparkUI
[2025-02-19T20:49:53.543+0530] {subprocess.py:93} INFO - 25/02/19 20:49:53 INFO Utils: Successfully started service 'SparkUI' on port 4040.
[2025-02-19T20:49:53.598+0530] {subprocess.py:93} INFO - 25/02/19 20:49:53 INFO SparkContext: Added JAR /mnt/c/spark/spark-3.5.2-bin-hadoop3/jars/postgresql-42.7.5.jar at spark://10.255.255.254:42677/jars/postgresql-42.7.5.jar with timestamp 1739978392600
[2025-02-19T20:49:53.699+0530] {subprocess.py:93} INFO - 25/02/19 20:49:53 INFO Executor: Starting executor ID driver on host 10.255.255.254
[2025-02-19T20:49:53.700+0530] {subprocess.py:93} INFO - 25/02/19 20:49:53 INFO Executor: OS info Linux, 5.15.167.4-microsoft-standard-WSL2, amd64
[2025-02-19T20:49:53.700+0530] {subprocess.py:93} INFO - 25/02/19 20:49:53 INFO Executor: Java version 11.0.26
[2025-02-19T20:49:53.707+0530] {subprocess.py:93} INFO - 25/02/19 20:49:53 INFO Executor: Starting executor with user classpath (userClassPathFirst = false): 'file:/mnt/c/spark/spark-3.5.2-bin-hadoop3/jars/postgresql-42.7.5.jar,file:/tmp/airflowtmp1_voc764/postgresql-42.7.5.jar'
[2025-02-19T20:49:53.707+0530] {subprocess.py:93} INFO - 25/02/19 20:49:53 INFO Executor: Created or updated repl class loader org.apache.spark.util.MutableURLClassLoader@5579e283 for default.
[2025-02-19T20:49:53.738+0530] {subprocess.py:93} INFO - 25/02/19 20:49:53 INFO Utils: Successfully started service 'org.apache.spark.network.netty.NettyBlockTransferService' on port 37457.
[2025-02-19T20:49:53.739+0530] {subprocess.py:93} INFO - 25/02/19 20:49:53 INFO NettyBlockTransferService: Server created on 10.255.255.254:37457
[2025-02-19T20:49:53.741+0530] {subprocess.py:93} INFO - 25/02/19 20:49:53 INFO BlockManager: Using org.apache.spark.storage.RandomBlockReplicationPolicy for block replication policy
[2025-02-19T20:49:53.747+0530] {subprocess.py:93} INFO - 25/02/19 20:49:53 INFO BlockManagerMaster: Registering BlockManager BlockManagerId(driver, 10.255.255.254, 37457, None)
[2025-02-19T20:49:53.750+0530] {subprocess.py:93} INFO - 25/02/19 20:49:53 INFO BlockManagerMasterEndpoint: Registering block manager 10.255.255.254:37457 with 434.4 MiB RAM, BlockManagerId(driver, 10.255.255.254, 37457, None)
[2025-02-19T20:49:53.754+0530] {subprocess.py:93} INFO - 25/02/19 20:49:53 INFO BlockManagerMaster: Registered BlockManager BlockManagerId(driver, 10.255.255.254, 37457, None)
[2025-02-19T20:49:53.755+0530] {subprocess.py:93} INFO - 25/02/19 20:49:53 INFO BlockManager: Initialized BlockManager: BlockManagerId(driver, 10.255.255.254, 37457, None)
[2025-02-19T20:49:54.300+0530] {subprocess.py:93} INFO - 25/02/19 20:49:54 INFO SharedState: Setting hive.metastore.warehouse.dir ('null') to the value of spark.sql.warehouse.dir.
[2025-02-19T20:49:54.304+0530] {subprocess.py:93} INFO - 25/02/19 20:49:54 INFO SharedState: Warehouse path is 'file:/tmp/airflowtmp1_voc764/spark-warehouse'.
[2025-02-19T20:49:57.775+0530] {subprocess.py:93} INFO - Traceback (most recent call last):
[2025-02-19T20:49:57.776+0530] {subprocess.py:93} INFO -   File "/home/nitesh/project_1/youtube_project/spark_jobs/testjob.py", line 120, in <module>
[2025-02-19T20:49:57.776+0530] {subprocess.py:93} INFO -     main()
[2025-02-19T20:49:57.776+0530] {subprocess.py:93} INFO -   File "/home/nitesh/project_1/youtube_project/spark_jobs/testjob.py", line 52, in main
[2025-02-19T20:49:57.777+0530] {subprocess.py:93} INFO -     .union(user_view.select('user_id', col('p_thumbnail').alias('thumbnail'), 'category', col('playlist').alias('playlist_id')))
[2025-02-19T20:49:57.777+0530] {subprocess.py:93} INFO -   File "/home/nitesh/project_1/myenv/lib/python3.10/site-packages/pyspark/python/lib/pyspark.zip/pyspark/sql/dataframe.py", line 3229, in select
[2025-02-19T20:49:57.777+0530] {subprocess.py:93} INFO -   File "/home/nitesh/project_1/myenv/lib/python3.10/site-packages/pyspark/python/lib/py4j-0.10.9.7-src.zip/py4j/java_gateway.py", line 1322, in __call__
[2025-02-19T20:49:57.777+0530] {subprocess.py:93} INFO -   File "/home/nitesh/project_1/myenv/lib/python3.10/site-packages/pyspark/python/lib/pyspark.zip/pyspark/errors/exceptions/captured.py", line 185, in deco
[2025-02-19T20:49:57.784+0530] {subprocess.py:93} INFO - pyspark.errors.exceptions.captured.AnalysisException: [UNRESOLVED_COLUMN.WITH_SUGGESTION] A column or function parameter with name `p_thumbnail` cannot be resolved. Did you mean one of the following? [`video_thumbnail`, `playlist_thumbnail`, `user_id`, `video_name`, `category`].;
[2025-02-19T20:49:57.784+0530] {subprocess.py:93} INFO - 'Project [user_id#30, 'p_thumbnail AS thumbnail#46, category#27, playlist#25 AS playlist_id#47]
[2025-02-19T20:49:57.784+0530] {subprocess.py:93} INFO - +- Relation [id#20,video_id#21,video_name#22,total_video_length#23,video_view_length#24,playlist#25,channel_id#26,category#27,video_thumbnail#28,playlist_thumbnail#29,user_id#30] JDBCRelation(recommendations_videos) [numPartitions=1]
[2025-02-19T20:49:57.785+0530] {subprocess.py:93} INFO - 
[2025-02-19T20:49:57.910+0530] {subprocess.py:93} INFO - 25/02/19 20:49:57 INFO SparkContext: Invoking stop() from shutdown hook
[2025-02-19T20:49:57.911+0530] {subprocess.py:93} INFO - 25/02/19 20:49:57 INFO SparkContext: SparkContext is stopping with exitCode 0.
[2025-02-19T20:49:57.930+0530] {subprocess.py:93} INFO - 25/02/19 20:49:57 INFO SparkUI: Stopped Spark web UI at http://10.255.255.254:4040
[2025-02-19T20:49:57.947+0530] {subprocess.py:93} INFO - 25/02/19 20:49:57 INFO MapOutputTrackerMasterEndpoint: MapOutputTrackerMasterEndpoint stopped!
[2025-02-19T20:49:57.970+0530] {subprocess.py:93} INFO - 25/02/19 20:49:57 INFO MemoryStore: MemoryStore cleared
[2025-02-19T20:49:57.971+0530] {subprocess.py:93} INFO - 25/02/19 20:49:57 INFO BlockManager: BlockManager stopped
[2025-02-19T20:49:57.977+0530] {subprocess.py:93} INFO - 25/02/19 20:49:57 INFO BlockManagerMaster: BlockManagerMaster stopped
[2025-02-19T20:49:57.980+0530] {subprocess.py:93} INFO - 25/02/19 20:49:57 INFO OutputCommitCoordinator$OutputCommitCoordinatorEndpoint: OutputCommitCoordinator stopped!
[2025-02-19T20:49:57.990+0530] {subprocess.py:93} INFO - 25/02/19 20:49:57 INFO SparkContext: Successfully stopped SparkContext
[2025-02-19T20:49:57.991+0530] {subprocess.py:93} INFO - 25/02/19 20:49:57 INFO ShutdownHookManager: Shutdown hook called
[2025-02-19T20:49:57.992+0530] {subprocess.py:93} INFO - 25/02/19 20:49:57 INFO ShutdownHookManager: Deleting directory /tmp/spark-ef6e0be1-1608-42fc-b3f2-26f786b63ae3
[2025-02-19T20:49:57.996+0530] {subprocess.py:93} INFO - 25/02/19 20:49:57 INFO ShutdownHookManager: Deleting directory /tmp/spark-cef733ed-5e69-452a-9a6b-a6d3353c2a70/pyspark-fb927926-5a77-43c6-98fb-284cce74fc14
[2025-02-19T20:49:58.002+0530] {subprocess.py:93} INFO - 25/02/19 20:49:58 INFO ShutdownHookManager: Deleting directory /tmp/spark-cef733ed-5e69-452a-9a6b-a6d3353c2a70
[2025-02-19T20:49:58.038+0530] {subprocess.py:97} INFO - Command exited with return code 1
[2025-02-19T20:49:58.039+0530] {taskinstance.py:441} INFO - ::group::Post task execution logs
[2025-02-19T20:49:58.053+0530] {taskinstance.py:2905} ERROR - Task failed with exception
Traceback (most recent call last):
  File "/home/nitesh/project_1/myenv/lib/python3.10/site-packages/airflow/models/taskinstance.py", line 465, in _execute_task
    result = _execute_callable(context=context, **execute_callable_kwargs)
  File "/home/nitesh/project_1/myenv/lib/python3.10/site-packages/airflow/models/taskinstance.py", line 432, in _execute_callable
    return execute_callable(context=context, **execute_callable_kwargs)
  File "/home/nitesh/project_1/myenv/lib/python3.10/site-packages/airflow/models/baseoperator.py", line 400, in wrapper
    return func(self, *args, **kwargs)
  File "/home/nitesh/project_1/myenv/lib/python3.10/site-packages/airflow/operators/bash.py", line 243, in execute
    raise AirflowException(
airflow.exceptions.AirflowException: Bash command failed. The command returned a non-zero exit code 1.
[2025-02-19T20:49:58.060+0530] {taskinstance.py:1206} INFO - Marking task as UP_FOR_RETRY. dag_id=run_spark_job_bash, task_id=run_spark_job, run_id=scheduled__2025-02-19T15:10:00+00:00, execution_date=20250219T151000, start_date=20250219T151947, end_date=20250219T151958
[2025-02-19T20:49:58.076+0530] {standard_task_runner.py:110} ERROR - Failed to execute job 63 for task run_spark_job (Bash command failed. The command returned a non-zero exit code 1.; 10714)
[2025-02-19T20:49:58.095+0530] {local_task_job_runner.py:240} INFO - Task exited with return code 1
[2025-02-19T20:49:58.115+0530] {taskinstance.py:3498} INFO - 0 downstream tasks scheduled from follow-on schedule check
[2025-02-19T20:49:58.118+0530] {local_task_job_runner.py:222} INFO - ::endgroup::
