[2025-02-19T17:18:26.372+0530] {local_task_job_runner.py:120} INFO - ::group::Pre task execution logs
[2025-02-19T17:18:26.397+0530] {taskinstance.py:2076} INFO - Dependencies all met for dep_context=non-requeueable deps ti=<TaskInstance: run_spark_job_bash.run_spark_job scheduled__2025-02-19T11:40:00+00:00 [queued]>
[2025-02-19T17:18:26.405+0530] {taskinstance.py:2076} INFO - Dependencies all met for dep_context=requeueable deps ti=<TaskInstance: run_spark_job_bash.run_spark_job scheduled__2025-02-19T11:40:00+00:00 [queued]>
[2025-02-19T17:18:26.406+0530] {taskinstance.py:2306} INFO - Starting attempt 1 of 2
[2025-02-19T17:18:26.419+0530] {taskinstance.py:2330} INFO - Executing <Task(BashOperator): run_spark_job> on 2025-02-19 11:40:00+00:00
[2025-02-19T17:18:26.422+0530] {standard_task_runner.py:63} INFO - Started process 52217 to run task
[2025-02-19T17:18:26.425+0530] {standard_task_runner.py:90} INFO - Running: ['airflow', 'tasks', 'run', 'run_spark_job_bash', 'run_spark_job', 'scheduled__2025-02-19T11:40:00+00:00', '--job-id', '57', '--raw', '--subdir', 'DAGS_FOLDER/testdag.py', '--cfg-path', '/tmp/tmpq17parhz']
[2025-02-19T17:18:26.425+0530] {standard_task_runner.py:91} INFO - Job 57: Subtask run_spark_job
[2025-02-19T17:18:26.492+0530] {task_command.py:426} INFO - Running <TaskInstance: run_spark_job_bash.run_spark_job scheduled__2025-02-19T11:40:00+00:00 [running]> on host Nitesh.
[2025-02-19T17:18:26.704+0530] {taskinstance.py:2648} INFO - Exporting env vars: AIRFLOW_CTX_DAG_OWNER='airflow' AIRFLOW_CTX_DAG_ID='run_spark_job_bash' AIRFLOW_CTX_TASK_ID='run_spark_job' AIRFLOW_CTX_EXECUTION_DATE='2025-02-19T11:40:00+00:00' AIRFLOW_CTX_TRY_NUMBER='1' AIRFLOW_CTX_DAG_RUN_ID='scheduled__2025-02-19T11:40:00+00:00'
[2025-02-19T17:18:26.705+0530] {taskinstance.py:430} INFO - ::endgroup::
[2025-02-19T17:18:26.705+0530] {subprocess.py:63} INFO - Tmp dir root location: /tmp
[2025-02-19T17:18:26.706+0530] {subprocess.py:75} INFO - Running command: ['/usr/bin/bash', '-c', 'spark-submit /home/nitesh/project_1/youtube_project/spark_jobs/testjob.py']
[2025-02-19T17:18:26.711+0530] {subprocess.py:86} INFO - Output:
[2025-02-19T17:18:28.410+0530] {subprocess.py:93} INFO - 25/02/19 17:18:28 WARN Utils: Your hostname, Nitesh resolves to a loopback address: 127.0.1.1; using 10.255.255.254 instead (on interface lo)
[2025-02-19T17:18:28.413+0530] {subprocess.py:93} INFO - 25/02/19 17:18:28 WARN Utils: Set SPARK_LOCAL_IP if you need to bind to another address
[2025-02-19T17:18:30.016+0530] {subprocess.py:93} INFO - 25/02/19 17:18:30 INFO SparkContext: Running Spark version 3.5.4
[2025-02-19T17:18:30.017+0530] {subprocess.py:93} INFO - 25/02/19 17:18:30 INFO SparkContext: OS info Linux, 5.15.167.4-microsoft-standard-WSL2, amd64
[2025-02-19T17:18:30.018+0530] {subprocess.py:93} INFO - 25/02/19 17:18:30 INFO SparkContext: Java version 11.0.26
[2025-02-19T17:18:30.101+0530] {subprocess.py:93} INFO - 25/02/19 17:18:30 WARN NativeCodeLoader: Unable to load native-hadoop library for your platform... using builtin-java classes where applicable
[2025-02-19T17:18:30.199+0530] {subprocess.py:93} INFO - 25/02/19 17:18:30 INFO ResourceUtils: ==============================================================
[2025-02-19T17:18:30.199+0530] {subprocess.py:93} INFO - 25/02/19 17:18:30 INFO ResourceUtils: No custom resources configured for spark.driver.
[2025-02-19T17:18:30.199+0530] {subprocess.py:93} INFO - 25/02/19 17:18:30 INFO ResourceUtils: ==============================================================
[2025-02-19T17:18:30.199+0530] {subprocess.py:93} INFO - 25/02/19 17:18:30 INFO SparkContext: Submitted application: Django-PySpark-Connection
[2025-02-19T17:18:30.219+0530] {subprocess.py:93} INFO - 25/02/19 17:18:30 INFO ResourceProfile: Default ResourceProfile created, executor resources: Map(cores -> name: cores, amount: 1, script: , vendor: , memory -> name: memory, amount: 1024, script: , vendor: , offHeap -> name: offHeap, amount: 0, script: , vendor: ), task resources: Map(cpus -> name: cpus, amount: 1.0)
[2025-02-19T17:18:30.233+0530] {subprocess.py:93} INFO - 25/02/19 17:18:30 INFO ResourceProfile: Limiting resource is cpu
[2025-02-19T17:18:30.234+0530] {subprocess.py:93} INFO - 25/02/19 17:18:30 INFO ResourceProfileManager: Added ResourceProfile id: 0
[2025-02-19T17:18:30.290+0530] {subprocess.py:93} INFO - 25/02/19 17:18:30 INFO SecurityManager: Changing view acls to: nitesh
[2025-02-19T17:18:30.291+0530] {subprocess.py:93} INFO - 25/02/19 17:18:30 INFO SecurityManager: Changing modify acls to: nitesh
[2025-02-19T17:18:30.291+0530] {subprocess.py:93} INFO - 25/02/19 17:18:30 INFO SecurityManager: Changing view acls groups to:
[2025-02-19T17:18:30.292+0530] {subprocess.py:93} INFO - 25/02/19 17:18:30 INFO SecurityManager: Changing modify acls groups to:
[2025-02-19T17:18:30.292+0530] {subprocess.py:93} INFO - 25/02/19 17:18:30 INFO SecurityManager: SecurityManager: authentication disabled; ui acls disabled; users with view permissions: nitesh; groups with view permissions: EMPTY; users with modify permissions: nitesh; groups with modify permissions: EMPTY
[2025-02-19T17:18:30.544+0530] {subprocess.py:93} INFO - 25/02/19 17:18:30 INFO Utils: Successfully started service 'sparkDriver' on port 44405.
[2025-02-19T17:18:30.576+0530] {subprocess.py:93} INFO - 25/02/19 17:18:30 INFO SparkEnv: Registering MapOutputTracker
[2025-02-19T17:18:30.610+0530] {subprocess.py:93} INFO - 25/02/19 17:18:30 INFO SparkEnv: Registering BlockManagerMaster
[2025-02-19T17:18:30.626+0530] {subprocess.py:93} INFO - 25/02/19 17:18:30 INFO BlockManagerMasterEndpoint: Using org.apache.spark.storage.DefaultTopologyMapper for getting topology information
[2025-02-19T17:18:30.627+0530] {subprocess.py:93} INFO - 25/02/19 17:18:30 INFO BlockManagerMasterEndpoint: BlockManagerMasterEndpoint up
[2025-02-19T17:18:30.632+0530] {subprocess.py:93} INFO - 25/02/19 17:18:30 INFO SparkEnv: Registering BlockManagerMasterHeartbeat
[2025-02-19T17:18:30.657+0530] {subprocess.py:93} INFO - 25/02/19 17:18:30 INFO DiskBlockManager: Created local directory at /tmp/blockmgr-84399bfe-68d6-4bd2-a587-512c0f4b3318
[2025-02-19T17:18:30.674+0530] {subprocess.py:93} INFO - 25/02/19 17:18:30 INFO MemoryStore: MemoryStore started with capacity 434.4 MiB
[2025-02-19T17:18:30.688+0530] {subprocess.py:93} INFO - 25/02/19 17:18:30 INFO SparkEnv: Registering OutputCommitCoordinator
[2025-02-19T17:18:30.870+0530] {subprocess.py:93} INFO - 25/02/19 17:18:30 INFO JettyUtils: Start Jetty 0.0.0.0:4040 for SparkUI
[2025-02-19T17:18:30.946+0530] {subprocess.py:93} INFO - 25/02/19 17:18:30 INFO Utils: Successfully started service 'SparkUI' on port 4040.
[2025-02-19T17:18:31.023+0530] {subprocess.py:93} INFO - 25/02/19 17:18:31 INFO SparkContext: Added JAR /mnt/c/spark/spark-3.5.2-bin-hadoop3/jars/postgresql-42.7.5.jar at spark://10.255.255.254:44405/jars/postgresql-42.7.5.jar with timestamp 1739965710004
[2025-02-19T17:18:31.145+0530] {subprocess.py:93} INFO - 25/02/19 17:18:31 INFO Executor: Starting executor ID driver on host 10.255.255.254
[2025-02-19T17:18:31.146+0530] {subprocess.py:93} INFO - 25/02/19 17:18:31 INFO Executor: OS info Linux, 5.15.167.4-microsoft-standard-WSL2, amd64
[2025-02-19T17:18:31.147+0530] {subprocess.py:93} INFO - 25/02/19 17:18:31 INFO Executor: Java version 11.0.26
[2025-02-19T17:18:31.160+0530] {subprocess.py:93} INFO - 25/02/19 17:18:31 INFO Executor: Starting executor with user classpath (userClassPathFirst = false): ''
[2025-02-19T17:18:31.161+0530] {subprocess.py:93} INFO - 25/02/19 17:18:31 INFO Executor: Created or updated repl class loader org.apache.spark.util.MutableURLClassLoader@6be3bf2a for default.
[2025-02-19T17:18:31.182+0530] {subprocess.py:93} INFO - 25/02/19 17:18:31 INFO Executor: Fetching spark://10.255.255.254:44405/jars/postgresql-42.7.5.jar with timestamp 1739965710004
[2025-02-19T17:18:31.284+0530] {subprocess.py:93} INFO - 25/02/19 17:18:31 INFO TransportClientFactory: Successfully created connection to /10.255.255.254:44405 after 52 ms (0 ms spent in bootstraps)
[2025-02-19T17:18:31.297+0530] {subprocess.py:93} INFO - 25/02/19 17:18:31 INFO Utils: Fetching spark://10.255.255.254:44405/jars/postgresql-42.7.5.jar to /tmp/spark-27b3ea43-47b1-456e-9fee-5de6203dd67c/userFiles-1f5269e2-26a4-4f39-b304-b68793dbe50a/fetchFileTemp5485476810670078784.tmp
[2025-02-19T17:18:31.390+0530] {subprocess.py:93} INFO - 25/02/19 17:18:31 INFO Executor: Adding file:/tmp/spark-27b3ea43-47b1-456e-9fee-5de6203dd67c/userFiles-1f5269e2-26a4-4f39-b304-b68793dbe50a/postgresql-42.7.5.jar to class loader default
[2025-02-19T17:18:31.402+0530] {subprocess.py:93} INFO - 25/02/19 17:18:31 INFO Utils: Successfully started service 'org.apache.spark.network.netty.NettyBlockTransferService' on port 35975.
[2025-02-19T17:18:31.402+0530] {subprocess.py:93} INFO - 25/02/19 17:18:31 INFO NettyBlockTransferService: Server created on 10.255.255.254:35975
[2025-02-19T17:18:31.404+0530] {subprocess.py:93} INFO - 25/02/19 17:18:31 INFO BlockManager: Using org.apache.spark.storage.RandomBlockReplicationPolicy for block replication policy
[2025-02-19T17:18:31.410+0530] {subprocess.py:93} INFO - 25/02/19 17:18:31 INFO BlockManagerMaster: Registering BlockManager BlockManagerId(driver, 10.255.255.254, 35975, None)
[2025-02-19T17:18:31.414+0530] {subprocess.py:93} INFO - 25/02/19 17:18:31 INFO BlockManagerMasterEndpoint: Registering block manager 10.255.255.254:35975 with 434.4 MiB RAM, BlockManagerId(driver, 10.255.255.254, 35975, None)
[2025-02-19T17:18:31.418+0530] {subprocess.py:93} INFO - 25/02/19 17:18:31 INFO BlockManagerMaster: Registered BlockManager BlockManagerId(driver, 10.255.255.254, 35975, None)
[2025-02-19T17:18:31.419+0530] {subprocess.py:93} INFO - 25/02/19 17:18:31 INFO BlockManager: Initialized BlockManager: BlockManagerId(driver, 10.255.255.254, 35975, None)
[2025-02-19T17:18:31.959+0530] {subprocess.py:93} INFO - 25/02/19 17:18:31 INFO SharedState: Setting hive.metastore.warehouse.dir ('null') to the value of spark.sql.warehouse.dir.
[2025-02-19T17:18:31.967+0530] {subprocess.py:93} INFO - 25/02/19 17:18:31 INFO SharedState: Warehouse path is 'file:/tmp/airflowtmpa629kx0n/spark-warehouse'.
[2025-02-19T17:18:33.135+0530] {subprocess.py:93} INFO - Traceback (most recent call last):
[2025-02-19T17:18:33.136+0530] {subprocess.py:93} INFO -   File "/home/nitesh/project_1/youtube_project/spark_jobs/testjob.py", line 113, in <module>
[2025-02-19T17:18:33.136+0530] {subprocess.py:93} INFO -     main()
[2025-02-19T17:18:33.136+0530] {subprocess.py:93} INFO -   File "/home/nitesh/project_1/youtube_project/spark_jobs/testjob.py", line 24, in main
[2025-02-19T17:18:33.136+0530] {subprocess.py:93} INFO -     .load()
[2025-02-19T17:18:33.136+0530] {subprocess.py:93} INFO -   File "/home/nitesh/project_1/myenv/lib/python3.10/site-packages/pyspark/python/lib/pyspark.zip/pyspark/sql/readwriter.py", line 314, in load
[2025-02-19T17:18:33.136+0530] {subprocess.py:93} INFO -   File "/home/nitesh/project_1/myenv/lib/python3.10/site-packages/pyspark/python/lib/py4j-0.10.9.7-src.zip/py4j/java_gateway.py", line 1322, in __call__
[2025-02-19T17:18:33.136+0530] {subprocess.py:93} INFO -   File "/home/nitesh/project_1/myenv/lib/python3.10/site-packages/pyspark/python/lib/pyspark.zip/pyspark/errors/exceptions/captured.py", line 179, in deco
[2025-02-19T17:18:33.137+0530] {subprocess.py:93} INFO -   File "/home/nitesh/project_1/myenv/lib/python3.10/site-packages/pyspark/python/lib/py4j-0.10.9.7-src.zip/py4j/protocol.py", line 326, in get_return_value
[2025-02-19T17:18:33.137+0530] {subprocess.py:93} INFO - py4j.protocol.Py4JJavaError: An error occurred while calling o32.load.
[2025-02-19T17:18:33.137+0530] {subprocess.py:93} INFO - : java.lang.ClassNotFoundException: org.postgresql.Driver
[2025-02-19T17:18:33.137+0530] {subprocess.py:93} INFO - 	at java.base/java.net.URLClassLoader.findClass(URLClassLoader.java:476)
[2025-02-19T17:18:33.137+0530] {subprocess.py:93} INFO - 	at java.base/java.lang.ClassLoader.loadClass(ClassLoader.java:594)
[2025-02-19T17:18:33.137+0530] {subprocess.py:93} INFO - 	at java.base/java.lang.ClassLoader.loadClass(ClassLoader.java:527)
[2025-02-19T17:18:33.137+0530] {subprocess.py:93} INFO - 	at org.apache.spark.sql.execution.datasources.jdbc.DriverRegistry$.register(DriverRegistry.scala:46)
[2025-02-19T17:18:33.137+0530] {subprocess.py:93} INFO - 	at org.apache.spark.sql.execution.datasources.jdbc.JDBCOptions.$anonfun$driverClass$1(JDBCOptions.scala:103)
[2025-02-19T17:18:33.137+0530] {subprocess.py:93} INFO - 	at org.apache.spark.sql.execution.datasources.jdbc.JDBCOptions.$anonfun$driverClass$1$adapted(JDBCOptions.scala:103)
[2025-02-19T17:18:33.137+0530] {subprocess.py:93} INFO - 	at scala.Option.foreach(Option.scala:407)
[2025-02-19T17:18:33.137+0530] {subprocess.py:93} INFO - 	at org.apache.spark.sql.execution.datasources.jdbc.JDBCOptions.<init>(JDBCOptions.scala:103)
[2025-02-19T17:18:33.137+0530] {subprocess.py:93} INFO - 	at org.apache.spark.sql.execution.datasources.jdbc.JDBCOptions.<init>(JDBCOptions.scala:41)
[2025-02-19T17:18:33.137+0530] {subprocess.py:93} INFO - 	at org.apache.spark.sql.execution.datasources.jdbc.JdbcRelationProvider.createRelation(JdbcRelationProvider.scala:34)
[2025-02-19T17:18:33.137+0530] {subprocess.py:93} INFO - 	at org.apache.spark.sql.execution.datasources.DataSource.resolveRelation(DataSource.scala:346)
[2025-02-19T17:18:33.138+0530] {subprocess.py:93} INFO - 	at org.apache.spark.sql.DataFrameReader.loadV1Source(DataFrameReader.scala:229)
[2025-02-19T17:18:33.138+0530] {subprocess.py:93} INFO - 	at org.apache.spark.sql.DataFrameReader.$anonfun$load$2(DataFrameReader.scala:211)
[2025-02-19T17:18:33.138+0530] {subprocess.py:93} INFO - 	at scala.Option.getOrElse(Option.scala:189)
[2025-02-19T17:18:33.138+0530] {subprocess.py:93} INFO - 	at org.apache.spark.sql.DataFrameReader.load(DataFrameReader.scala:211)
[2025-02-19T17:18:33.138+0530] {subprocess.py:93} INFO - 	at org.apache.spark.sql.DataFrameReader.load(DataFrameReader.scala:172)
[2025-02-19T17:18:33.138+0530] {subprocess.py:93} INFO - 	at java.base/jdk.internal.reflect.NativeMethodAccessorImpl.invoke0(Native Method)
[2025-02-19T17:18:33.138+0530] {subprocess.py:93} INFO - 	at java.base/jdk.internal.reflect.NativeMethodAccessorImpl.invoke(NativeMethodAccessorImpl.java:62)
[2025-02-19T17:18:33.138+0530] {subprocess.py:93} INFO - 	at java.base/jdk.internal.reflect.DelegatingMethodAccessorImpl.invoke(DelegatingMethodAccessorImpl.java:43)
[2025-02-19T17:18:33.138+0530] {subprocess.py:93} INFO - 	at java.base/java.lang.reflect.Method.invoke(Method.java:566)
[2025-02-19T17:18:33.138+0530] {subprocess.py:93} INFO - 	at py4j.reflection.MethodInvoker.invoke(MethodInvoker.java:244)
[2025-02-19T17:18:33.138+0530] {subprocess.py:93} INFO - 	at py4j.reflection.ReflectionEngine.invoke(ReflectionEngine.java:374)
[2025-02-19T17:18:33.138+0530] {subprocess.py:93} INFO - 	at py4j.Gateway.invoke(Gateway.java:282)
[2025-02-19T17:18:33.138+0530] {subprocess.py:93} INFO - 	at py4j.commands.AbstractCommand.invokeMethod(AbstractCommand.java:132)
[2025-02-19T17:18:33.138+0530] {subprocess.py:93} INFO - 	at py4j.commands.CallCommand.execute(CallCommand.java:79)
[2025-02-19T17:18:33.139+0530] {subprocess.py:93} INFO - 	at py4j.ClientServerConnection.waitForCommands(ClientServerConnection.java:182)
[2025-02-19T17:18:33.139+0530] {subprocess.py:93} INFO - 	at py4j.ClientServerConnection.run(ClientServerConnection.java:106)
[2025-02-19T17:18:33.139+0530] {subprocess.py:93} INFO - 	at java.base/java.lang.Thread.run(Thread.java:829)
[2025-02-19T17:18:33.139+0530] {subprocess.py:93} INFO - 
[2025-02-19T17:18:33.237+0530] {subprocess.py:93} INFO - 25/02/19 17:18:33 INFO SparkContext: Invoking stop() from shutdown hook
[2025-02-19T17:18:33.238+0530] {subprocess.py:93} INFO - 25/02/19 17:18:33 INFO SparkContext: SparkContext is stopping with exitCode 0.
[2025-02-19T17:18:33.255+0530] {subprocess.py:93} INFO - 25/02/19 17:18:33 INFO SparkUI: Stopped Spark web UI at http://10.255.255.254:4040
[2025-02-19T17:18:33.267+0530] {subprocess.py:93} INFO - 25/02/19 17:18:33 INFO MapOutputTrackerMasterEndpoint: MapOutputTrackerMasterEndpoint stopped!
[2025-02-19T17:18:33.280+0530] {subprocess.py:93} INFO - 25/02/19 17:18:33 INFO MemoryStore: MemoryStore cleared
[2025-02-19T17:18:33.280+0530] {subprocess.py:93} INFO - 25/02/19 17:18:33 INFO BlockManager: BlockManager stopped
[2025-02-19T17:18:33.288+0530] {subprocess.py:93} INFO - 25/02/19 17:18:33 INFO BlockManagerMaster: BlockManagerMaster stopped
[2025-02-19T17:18:33.291+0530] {subprocess.py:93} INFO - 25/02/19 17:18:33 INFO OutputCommitCoordinator$OutputCommitCoordinatorEndpoint: OutputCommitCoordinator stopped!
[2025-02-19T17:18:33.301+0530] {subprocess.py:93} INFO - 25/02/19 17:18:33 INFO SparkContext: Successfully stopped SparkContext
[2025-02-19T17:18:33.302+0530] {subprocess.py:93} INFO - 25/02/19 17:18:33 INFO ShutdownHookManager: Shutdown hook called
[2025-02-19T17:18:33.302+0530] {subprocess.py:93} INFO - 25/02/19 17:18:33 INFO ShutdownHookManager: Deleting directory /tmp/spark-27b3ea43-47b1-456e-9fee-5de6203dd67c/pyspark-e48ffb63-17f4-4866-ab1e-9f1dd5350ebb
[2025-02-19T17:18:33.307+0530] {subprocess.py:93} INFO - 25/02/19 17:18:33 INFO ShutdownHookManager: Deleting directory /tmp/spark-22020c6d-bae4-402a-b2ca-6858910e2108
[2025-02-19T17:18:33.309+0530] {subprocess.py:93} INFO - 25/02/19 17:18:33 INFO ShutdownHookManager: Deleting directory /tmp/spark-27b3ea43-47b1-456e-9fee-5de6203dd67c
[2025-02-19T17:18:33.363+0530] {subprocess.py:97} INFO - Command exited with return code 1
[2025-02-19T17:18:33.364+0530] {taskinstance.py:441} INFO - ::group::Post task execution logs
[2025-02-19T17:18:33.379+0530] {taskinstance.py:2905} ERROR - Task failed with exception
Traceback (most recent call last):
  File "/home/nitesh/project_1/myenv/lib/python3.10/site-packages/airflow/models/taskinstance.py", line 465, in _execute_task
    result = _execute_callable(context=context, **execute_callable_kwargs)
  File "/home/nitesh/project_1/myenv/lib/python3.10/site-packages/airflow/models/taskinstance.py", line 432, in _execute_callable
    return execute_callable(context=context, **execute_callable_kwargs)
  File "/home/nitesh/project_1/myenv/lib/python3.10/site-packages/airflow/models/baseoperator.py", line 400, in wrapper
    return func(self, *args, **kwargs)
  File "/home/nitesh/project_1/myenv/lib/python3.10/site-packages/airflow/operators/bash.py", line 243, in execute
    raise AirflowException(
airflow.exceptions.AirflowException: Bash command failed. The command returned a non-zero exit code 1.
[2025-02-19T17:18:33.387+0530] {taskinstance.py:1206} INFO - Marking task as UP_FOR_RETRY. dag_id=run_spark_job_bash, task_id=run_spark_job, run_id=scheduled__2025-02-19T11:40:00+00:00, execution_date=20250219T114000, start_date=20250219T114826, end_date=20250219T114833
[2025-02-19T17:18:33.405+0530] {standard_task_runner.py:110} ERROR - Failed to execute job 57 for task run_spark_job (Bash command failed. The command returned a non-zero exit code 1.; 52217)
[2025-02-19T17:18:33.440+0530] {local_task_job_runner.py:240} INFO - Task exited with return code 1
[2025-02-19T17:18:33.466+0530] {taskinstance.py:3498} INFO - 0 downstream tasks scheduled from follow-on schedule check
[2025-02-19T17:18:33.470+0530] {local_task_job_runner.py:222} INFO - ::endgroup::
